<?xml version="1.0" ?>
<coverage branch-rate="0" branches-covered="0" branches-valid="0" complexity="0" line-rate="0.4964" lines-covered="2927" lines-valid="5897" timestamp="1576849992295" version="4.5.4">
	<!-- Generated by coverage.py: https://coverage.readthedocs.io -->
	<!-- Based on https://raw.githubusercontent.com/cobertura/web/master/htdocs/xml/coverage-04.dtd -->
	<sources>
		<source>/home/david/AA-work/github-repos/indigodc/udocker</source>
		<source>/home/david/AA-work/github-repos/indigodc/udocker/udocker</source>
	</sources>
	<packages>
		<package branch-rate="0" complexity="0" line-rate="0.4964" name=".">
			<classes>
				<class branch-rate="0" complexity="0" filename="udocker.py" line-rate="0.4964" name="udocker.py">
					<methods/>
					<lines>
						<line hits="1" number="2"/>
						<line hits="1" number="23"/>
						<line hits="1" number="24"/>
						<line hits="1" number="25"/>
						<line hits="1" number="26"/>
						<line hits="1" number="27"/>
						<line hits="1" number="28"/>
						<line hits="1" number="29"/>
						<line hits="1" number="30"/>
						<line hits="1" number="31"/>
						<line hits="1" number="32"/>
						<line hits="1" number="33"/>
						<line hits="1" number="34"/>
						<line hits="1" number="35"/>
						<line hits="1" number="36"/>
						<line hits="1" number="38"/>
						<line hits="1" number="39"/>
						<line hits="1" number="40"/>
						<line hits="1" number="45"/>
						<line hits="1" number="46"/>
						<line hits="1" number="47"/>
						<line hits="1" number="50"/>
						<line hits="1" number="52"/>
						<line hits="1" number="54"/>
						<line hits="1" number="55"/>
						<line hits="0" number="56"/>
						<line hits="0" number="57"/>
						<line hits="1" number="58"/>
						<line hits="1" number="59"/>
						<line hits="0" number="60"/>
						<line hits="0" number="61"/>
						<line hits="1" number="62"/>
						<line hits="1" number="63"/>
						<line hits="0" number="64"/>
						<line hits="0" number="65"/>
						<line hits="1" number="66"/>
						<line hits="1" number="67"/>
						<line hits="0" number="68"/>
						<line hits="0" number="69"/>
						<line hits="1" number="70"/>
						<line hits="1" number="71"/>
						<line hits="0" number="72"/>
						<line hits="0" number="73"/>
						<line hits="1" number="74"/>
						<line hits="1" number="75"/>
						<line hits="0" number="76"/>
						<line hits="0" number="77"/>
						<line hits="1" number="78"/>
						<line hits="1" number="79"/>
						<line hits="0" number="80"/>
						<line hits="0" number="81"/>
						<line hits="1" number="83"/>
						<line hits="1" number="84"/>
						<line hits="0" number="85"/>
						<line hits="0" number="86"/>
						<line hits="0" number="87"/>
						<line hits="0" number="88"/>
						<line hits="0" number="89"/>
						<line hits="0" number="90"/>
						<line hits="0" number="91"/>
						<line hits="0" number="92"/>
						<line hits="1" number="95"/>
						<line hits="1" number="101"/>
						<line hits="1" number="102"/>
						<line hits="1" number="103"/>
						<line hits="1" number="104"/>
						<line hits="1" number="106"/>
						<line hits="1" number="108"/>
						<line hits="1" number="109"/>
						<line hits="1" number="110"/>
						<line hits="1" number="111"/>
						<line hits="1" number="112"/>
						<line hits="1" number="113"/>
						<line hits="1" number="115"/>
						<line hits="1" number="116"/>
						<line hits="1" number="119"/>
						<line hits="1" number="120"/>
						<line hits="1" number="128"/>
						<line hits="1" number="130"/>
						<line hits="1" number="132"/>
						<line hits="1" number="134"/>
						<line hits="1" number="135"/>
						<line hits="1" number="138"/>
						<line hits="1" number="141"/>
						<line hits="1" number="144"/>
						<line hits="1" number="145"/>
						<line hits="1" number="148"/>
						<line hits="1" number="154"/>
						<line hits="1" number="160"/>
						<line hits="1" number="164"/>
						<line hits="1" number="168"/>
						<line hits="1" number="171"/>
						<line hits="1" number="174"/>
						<line hits="1" number="178"/>
						<line hits="1" number="181"/>
						<line hits="1" number="184"/>
						<line hits="1" number="187"/>
						<line hits="1" number="191"/>
						<line hits="1" number="194"/>
						<line hits="1" number="203"/>
						<line hits="1" number="204"/>
						<line hits="1" number="205"/>
						<line hits="1" number="208"/>
						<line hits="1" number="209"/>
						<line hits="1" number="217"/>
						<line hits="1" number="220"/>
						<line hits="1" number="221"/>
						<line hits="1" number="224"/>
						<line hits="1" number="228"/>
						<line hits="1" number="231"/>
						<line hits="1" number="232"/>
						<line hits="1" number="233"/>
						<line hits="1" number="234"/>
						<line hits="1" number="235"/>
						<line hits="1" number="236"/>
						<line hits="1" number="237"/>
						<line hits="1" number="240"/>
						<line hits="1" number="242"/>
						<line hits="1" number="247"/>
						<line hits="1" number="252"/>
						<line hits="1" number="256"/>
						<line hits="1" number="263"/>
						<line hits="1" number="271"/>
						<line hits="1" number="275"/>
						<line hits="1" number="277"/>
						<line hits="1" number="278"/>
						<line hits="1" number="279"/>
						<line hits="1" number="281"/>
						<line hits="1" number="283"/>
						<line hits="1" number="284"/>
						<line hits="1" number="285"/>
						<line hits="1" number="286"/>
						<line hits="1" number="287"/>
						<line hits="1" number="288"/>
						<line hits="1" number="290"/>
						<line hits="1" number="292"/>
						<line hits="1" number="294"/>
						<line hits="1" number="295"/>
						<line hits="1" number="297"/>
						<line hits="1" number="299"/>
						<line hits="1" number="300"/>
						<line hits="1" number="301"/>
						<line hits="1" number="303"/>
						<line hits="1" number="305"/>
						<line hits="1" number="307"/>
						<line hits="1" number="310"/>
						<line hits="1" number="313"/>
						<line hits="1" number="314"/>
						<line hits="0" number="317"/>
						<line hits="0" number="318"/>
						<line hits="1" number="320"/>
						<line hits="1" number="322"/>
						<line hits="1" number="323"/>
						<line hits="1" number="324"/>
						<line hits="1" number="325"/>
						<line hits="1" number="326"/>
						<line hits="1" number="327"/>
						<line hits="0" number="328"/>
						<line hits="1" number="329"/>
						<line hits="1" number="330"/>
						<line hits="1" number="331"/>
						<line hits="1" number="332"/>
						<line hits="1" number="333"/>
						<line hits="0" number="334"/>
						<line hits="1" number="335"/>
						<line hits="0" number="336"/>
						<line hits="1" number="337"/>
						<line hits="1" number="339"/>
						<line hits="0" number="341"/>
						<line hits="0" number="342"/>
						<line hits="0" number="343"/>
						<line hits="1" number="345"/>
						<line hits="1" number="350"/>
						<line hits="1" number="351"/>
						<line hits="1" number="352"/>
						<line hits="1" number="353"/>
						<line hits="1" number="354"/>
						<line hits="0" number="355"/>
						<line hits="0" number="356"/>
						<line hits="0" number="357"/>
						<line hits="1" number="358"/>
						<line hits="1" number="359"/>
						<line hits="1" number="360"/>
						<line hits="1" number="361"/>
						<line hits="1" number="362"/>
						<line hits="1" number="364"/>
						<line hits="0" number="369"/>
						<line hits="0" number="371"/>
						<line hits="0" number="372"/>
						<line hits="0" number="373"/>
						<line hits="0" number="374"/>
						<line hits="0" number="375"/>
						<line hits="0" number="376"/>
						<line hits="0" number="377"/>
						<line hits="1" number="379"/>
						<line hits="1" number="381"/>
						<line hits="1" number="382"/>
						<line hits="0" number="383"/>
						<line hits="0" number="384"/>
						<line hits="1" number="386"/>
						<line hits="1" number="388"/>
						<line hits="1" number="389"/>
						<line hits="1" number="390"/>
						<line hits="1" number="391"/>
						<line hits="1" number="392"/>
						<line hits="1" number="393"/>
						<line hits="1" number="394"/>
						<line hits="1" number="396"/>
						<line hits="1" number="397"/>
						<line hits="1" number="398"/>
						<line hits="1" number="399"/>
						<line hits="1" number="400"/>
						<line hits="1" number="401"/>
						<line hits="1" number="403"/>
						<line hits="0" number="404"/>
						<line hits="0" number="405"/>
						<line hits="1" number="406"/>
						<line hits="1" number="408"/>
						<line hits="1" number="410"/>
						<line hits="1" number="411"/>
						<line hits="1" number="412"/>
						<line hits="1" number="413"/>
						<line hits="1" number="415"/>
						<line hits="1" number="417"/>
						<line hits="1" number="418"/>
						<line hits="1" number="420"/>
						<line hits="1" number="422"/>
						<line hits="1" number="423"/>
						<line hits="1" number="424"/>
						<line hits="1" number="425"/>
						<line hits="1" number="427"/>
						<line hits="1" number="429"/>
						<line hits="1" number="430"/>
						<line hits="1" number="431"/>
						<line hits="1" number="432"/>
						<line hits="1" number="433"/>
						<line hits="1" number="434"/>
						<line hits="1" number="435"/>
						<line hits="0" number="436"/>
						<line hits="1" number="439"/>
						<line hits="1" number="442"/>
						<line hits="1" number="444"/>
						<line hits="1" number="445"/>
						<line hits="1" number="446"/>
						<line hits="1" number="447"/>
						<line hits="1" number="448"/>
						<line hits="1" number="449"/>
						<line hits="1" number="450"/>
						<line hits="1" number="451"/>
						<line hits="1" number="452"/>
						<line hits="1" number="454"/>
						<line hits="1" number="456"/>
						<line hits="1" number="457"/>
						<line hits="1" number="458"/>
						<line hits="1" number="460"/>
						<line hits="1" number="462"/>
						<line hits="0" number="463"/>
						<line hits="1" number="464"/>
						<line hits="1" number="465"/>
						<line hits="1" number="466"/>
						<line hits="1" number="468"/>
						<line hits="1" number="469"/>
						<line hits="1" number="470"/>
						<line hits="1" number="471"/>
						<line hits="1" number="473"/>
						<line hits="1" number="475"/>
						<line hits="1" number="476"/>
						<line hits="1" number="478"/>
						<line hits="1" number="479"/>
						<line hits="1" number="481"/>
						<line hits="0" number="483"/>
						<line hits="0" number="484"/>
						<line hits="0" number="486"/>
						<line hits="0" number="487"/>
						<line hits="0" number="489"/>
						<line hits="0" number="490"/>
						<line hits="0" number="492"/>
						<line hits="0" number="493"/>
						<line hits="0" number="494"/>
						<line hits="0" number="495"/>
						<line hits="0" number="497"/>
						<line hits="0" number="498"/>
						<line hits="0" number="499"/>
						<line hits="0" number="500"/>
						<line hits="0" number="501"/>
						<line hits="0" number="502"/>
						<line hits="0" number="503"/>
						<line hits="1" number="506"/>
						<line hits="1" number="509"/>
						<line hits="1" number="520"/>
						<line hits="1" number="521"/>
						<line hits="1" number="523"/>
						<line hits="1" number="525"/>
						<line hits="1" number="526"/>
						<line hits="1" number="527"/>
						<line hits="0" number="528"/>
						<line hits="0" number="529"/>
						<line hits="0" number="530"/>
						<line hits="0" number="531"/>
						<line hits="1" number="532"/>
						<line hits="1" number="533"/>
						<line hits="1" number="534"/>
						<line hits="1" number="536"/>
						<line hits="1" number="538"/>
						<line hits="1" number="539"/>
						<line hits="1" number="540"/>
						<line hits="1" number="541"/>
						<line hits="0" number="542"/>
						<line hits="1" number="543"/>
						<line hits="1" number="544"/>
						<line hits="0" number="545"/>
						<line hits="0" number="546"/>
						<line hits="0" number="547"/>
						<line hits="0" number="548"/>
						<line hits="0" number="549"/>
						<line hits="0" number="551"/>
						<line hits="0" number="552"/>
						<line hits="1" number="554"/>
						<line hits="1" number="556"/>
						<line hits="1" number="557"/>
						<line hits="1" number="558"/>
						<line hits="1" number="559"/>
						<line hits="1" number="560"/>
						<line hits="1" number="561"/>
						<line hits="1" number="563"/>
						<line hits="1" number="564"/>
						<line hits="1" number="565"/>
						<line hits="1" number="566"/>
						<line hits="1" number="567"/>
						<line hits="1" number="568"/>
						<line hits="1" number="570"/>
						<line hits="1" number="571"/>
						<line hits="1" number="572"/>
						<line hits="1" number="574"/>
						<line hits="1" number="575"/>
						<line hits="1" number="576"/>
						<line hits="1" number="577"/>
						<line hits="0" number="578"/>
						<line hits="0" number="579"/>
						<line hits="0" number="580"/>
						<line hits="0" number="581"/>
						<line hits="0" number="582"/>
						<line hits="0" number="583"/>
						<line hits="0" number="585"/>
						<line hits="0" number="586"/>
						<line hits="0" number="587"/>
						<line hits="0" number="589"/>
						<line hits="0" number="590"/>
						<line hits="0" number="591"/>
						<line hits="0" number="592"/>
						<line hits="0" number="593"/>
						<line hits="1" number="595"/>
						<line hits="1" number="597"/>
						<line hits="1" number="598"/>
						<line hits="1" number="599"/>
						<line hits="1" number="601"/>
						<line hits="0" number="603"/>
						<line hits="0" number="604"/>
						<line hits="0" number="605"/>
						<line hits="0" number="606"/>
						<line hits="0" number="607"/>
						<line hits="0" number="608"/>
						<line hits="0" number="609"/>
						<line hits="0" number="610"/>
						<line hits="1" number="613"/>
						<line hits="1" number="616"/>
						<line hits="1" number="617"/>
						<line hits="1" number="618"/>
						<line hits="1" number="619"/>
						<line hits="1" number="620"/>
						<line hits="1" number="621"/>
						<line hits="1" number="623"/>
						<line hits="0" number="625"/>
						<line hits="0" number="626"/>
						<line hits="0" number="627"/>
						<line hits="0" number="628"/>
						<line hits="0" number="629"/>
						<line hits="0" number="631"/>
						<line hits="0" number="632"/>
						<line hits="0" number="634"/>
						<line hits="0" number="635"/>
						<line hits="0" number="636"/>
						<line hits="0" number="637"/>
						<line hits="1" number="639"/>
						<line hits="0" number="641"/>
						<line hits="0" number="642"/>
						<line hits="0" number="643"/>
						<line hits="0" number="644"/>
						<line hits="0" number="645"/>
						<line hits="0" number="646"/>
						<line hits="0" number="647"/>
						<line hits="0" number="649"/>
						<line hits="0" number="650"/>
						<line hits="0" number="651"/>
						<line hits="0" number="652"/>
						<line hits="0" number="654"/>
						<line hits="0" number="655"/>
						<line hits="0" number="656"/>
						<line hits="0" number="657"/>
						<line hits="0" number="658"/>
						<line hits="0" number="660"/>
						<line hits="0" number="661"/>
						<line hits="0" number="662"/>
						<line hits="0" number="663"/>
						<line hits="0" number="664"/>
						<line hits="0" number="666"/>
						<line hits="0" number="667"/>
						<line hits="0" number="668"/>
						<line hits="0" number="669"/>
						<line hits="0" number="670"/>
						<line hits="0" number="671"/>
						<line hits="0" number="672"/>
						<line hits="0" number="673"/>
						<line hits="0" number="674"/>
						<line hits="0" number="675"/>
						<line hits="0" number="676"/>
						<line hits="0" number="677"/>
						<line hits="0" number="678"/>
						<line hits="1" number="681"/>
						<line hits="1" number="686"/>
						<line hits="1" number="688"/>
						<line hits="1" number="689"/>
						<line hits="1" number="691"/>
						<line hits="0" number="693"/>
						<line hits="0" number="694"/>
						<line hits="0" number="695"/>
						<line hits="0" number="697"/>
						<line hits="0" number="698"/>
						<line hits="0" number="699"/>
						<line hits="0" number="701"/>
						<line hits="0" number="703"/>
						<line hits="1" number="706"/>
						<line hits="1" number="708"/>
						<line hits="1" number="709"/>
						<line hits="1" number="710"/>
						<line hits="0" number="711"/>
						<line hits="0" number="712"/>
						<line hits="1" number="714"/>
						<line hits="1" number="716"/>
						<line hits="1" number="717"/>
						<line hits="1" number="718"/>
						<line hits="1" number="719"/>
						<line hits="1" number="720"/>
						<line hits="1" number="721"/>
						<line hits="1" number="722"/>
						<line hits="1" number="723"/>
						<line hits="1" number="725"/>
						<line hits="1" number="727"/>
						<line hits="1" number="728"/>
						<line hits="1" number="729"/>
						<line hits="1" number="730"/>
						<line hits="1" number="731"/>
						<line hits="1" number="732"/>
						<line hits="0" number="733"/>
						<line hits="1" number="734"/>
						<line hits="1" number="735"/>
						<line hits="1" number="736"/>
						<line hits="1" number="737"/>
						<line hits="0" number="738"/>
						<line hits="1" number="740"/>
						<line hits="1" number="742"/>
						<line hits="1" number="743"/>
						<line hits="1" number="744"/>
						<line hits="1" number="745"/>
						<line hits="1" number="746"/>
						<line hits="1" number="747"/>
						<line hits="1" number="748"/>
						<line hits="1" number="750"/>
						<line hits="1" number="752"/>
						<line hits="1" number="753"/>
						<line hits="1" number="754"/>
						<line hits="1" number="755"/>
						<line hits="1" number="756"/>
						<line hits="1" number="757"/>
						<line hits="1" number="759"/>
						<line hits="1" number="761"/>
						<line hits="1" number="762"/>
						<line hits="1" number="763"/>
						<line hits="1" number="764"/>
						<line hits="0" number="765"/>
						<line hits="0" number="766"/>
						<line hits="1" number="767"/>
						<line hits="1" number="768"/>
						<line hits="1" number="770"/>
						<line hits="1" number="772"/>
						<line hits="1" number="773"/>
						<line hits="1" number="774"/>
						<line hits="1" number="775"/>
						<line hits="1" number="776"/>
						<line hits="1" number="777"/>
						<line hits="1" number="778"/>
						<line hits="1" number="781"/>
						<line hits="1" number="788"/>
						<line hits="1" number="789"/>
						<line hits="1" number="790"/>
						<line hits="1" number="791"/>
						<line hits="1" number="792"/>
						<line hits="1" number="793"/>
						<line hits="1" number="794"/>
						<line hits="1" number="795"/>
						<line hits="1" number="796"/>
						<line hits="1" number="797"/>
						<line hits="1" number="798"/>
						<line hits="1" number="799"/>
						<line hits="1" number="800"/>
						<line hits="1" number="801"/>
						<line hits="1" number="803"/>
						<line hits="1" number="808"/>
						<line hits="1" number="809"/>
						<line hits="1" number="810"/>
						<line hits="1" number="811"/>
						<line hits="1" number="812"/>
						<line hits="0" number="813"/>
						<line hits="0" number="814"/>
						<line hits="0" number="815"/>
						<line hits="0" number="816"/>
						<line hits="1" number="818"/>
						<line hits="1" number="819"/>
						<line hits="1" number="820"/>
						<line hits="1" number="822"/>
						<line hits="1" number="824"/>
						<line hits="1" number="825"/>
						<line hits="1" number="827"/>
						<line hits="1" number="828"/>
						<line hits="1" number="829"/>
						<line hits="1" number="830"/>
						<line hits="1" number="831"/>
						<line hits="1" number="833"/>
						<line hits="1" number="834"/>
						<line hits="1" number="835"/>
						<line hits="1" number="837"/>
						<line hits="1" number="839"/>
						<line hits="1" number="840"/>
						<line hits="0" number="841"/>
						<line hits="1" number="842"/>
						<line hits="1" number="843"/>
						<line hits="1" number="845"/>
						<line hits="1" number="847"/>
						<line hits="1" number="848"/>
						<line hits="1" number="849"/>
						<line hits="1" number="850"/>
						<line hits="1" number="851"/>
						<line hits="1" number="854"/>
						<line hits="1" number="859"/>
						<line hits="1" number="860"/>
						<line hits="1" number="861"/>
						<line hits="1" number="863"/>
						<line hits="1" number="865"/>
						<line hits="1" number="868"/>
						<line hits="1" number="870"/>
						<line hits="0" number="871"/>
						<line hits="1" number="872"/>
						<line hits="1" number="873"/>
						<line hits="0" number="874"/>
						<line hits="0" number="875"/>
						<line hits="1" number="879"/>
						<line hits="1" number="881"/>
						<line hits="1" number="883"/>
						<line hits="1" number="885"/>
						<line hits="1" number="887"/>
						<line hits="1" number="889"/>
						<line hits="1" number="891"/>
						<line hits="1" number="893"/>
						<line hits="1" number="894"/>
						<line hits="1" number="895"/>
						<line hits="0" number="898"/>
						<line hits="0" number="899"/>
						<line hits="1" number="902"/>
						<line hits="1" number="905"/>
						<line hits="1" number="906"/>
						<line hits="1" number="907"/>
						<line hits="1" number="908"/>
						<line hits="1" number="909"/>
						<line hits="0" number="910"/>
						<line hits="0" number="911"/>
						<line hits="1" number="912"/>
						<line hits="1" number="913"/>
						<line hits="1" number="914"/>
						<line hits="0" number="915"/>
						<line hits="0" number="916"/>
						<line hits="1" number="918"/>
						<line hits="1" number="920"/>
						<line hits="1" number="921"/>
						<line hits="1" number="922"/>
						<line hits="0" number="923"/>
						<line hits="1" number="924"/>
						<line hits="0" number="925"/>
						<line hits="0" number="926"/>
						<line hits="1" number="928"/>
						<line hits="1" number="930"/>
						<line hits="1" number="932"/>
						<line hits="0" number="934"/>
						<line hits="1" number="936"/>
						<line hits="1" number="938"/>
						<line hits="1" number="939"/>
						<line hits="1" number="940"/>
						<line hits="0" number="941"/>
						<line hits="1" number="942"/>
						<line hits="1" number="943"/>
						<line hits="1" number="944"/>
						<line hits="0" number="945"/>
						<line hits="1" number="947"/>
						<line hits="1" number="949"/>
						<line hits="1" number="951"/>
						<line hits="0" number="953"/>
						<line hits="1" number="955"/>
						<line hits="0" number="957"/>
						<line hits="1" number="959"/>
						<line hits="0" number="961"/>
						<line hits="1" number="963"/>
						<line hits="0" number="965"/>
						<line hits="0" number="966"/>
						<line hits="0" number="967"/>
						<line hits="1" number="970"/>
						<line hits="1" number="973"/>
						<line hits="1" number="974"/>
						<line hits="1" number="975"/>
						<line hits="1" number="977"/>
						<line hits="1" number="978"/>
						<line hits="1" number="979"/>
						<line hits="0" number="980"/>
						<line hits="0" number="981"/>
						<line hits="0" number="982"/>
						<line hits="1" number="983"/>
						<line hits="1" number="984"/>
						<line hits="1" number="985"/>
						<line hits="1" number="986"/>
						<line hits="1" number="987"/>
						<line hits="1" number="988"/>
						<line hits="1" number="989"/>
						<line hits="1" number="991"/>
						<line hits="1" number="993"/>
						<line hits="1" number="994"/>
						<line hits="1" number="995"/>
						<line hits="1" number="996"/>
						<line hits="1" number="997"/>
						<line hits="1" number="999"/>
						<line hits="1" number="1000"/>
						<line hits="1" number="1002"/>
						<line hits="1" number="1004"/>
						<line hits="1" number="1006"/>
						<line hits="1" number="1008"/>
						<line hits="1" number="1009"/>
						<line hits="1" number="1010"/>
						<line hits="0" number="1011"/>
						<line hits="0" number="1012"/>
						<line hits="1" number="1013"/>
						<line hits="1" number="1014"/>
						<line hits="1" number="1016"/>
						<line hits="1" number="1017"/>
						<line hits="0" number="1018"/>
						<line hits="0" number="1019"/>
						<line hits="1" number="1020"/>
						<line hits="1" number="1022"/>
						<line hits="1" number="1024"/>
						<line hits="1" number="1025"/>
						<line hits="1" number="1027"/>
						<line hits="1" number="1028"/>
						<line hits="1" number="1029"/>
						<line hits="1" number="1030"/>
						<line hits="1" number="1032"/>
						<line hits="0" number="1034"/>
						<line hits="0" number="1035"/>
						<line hits="0" number="1036"/>
						<line hits="0" number="1037"/>
						<line hits="0" number="1038"/>
						<line hits="1" number="1040"/>
						<line hits="1" number="1042"/>
						<line hits="1" number="1043"/>
						<line hits="1" number="1044"/>
						<line hits="1" number="1045"/>
						<line hits="0" number="1046"/>
						<line hits="1" number="1048"/>
						<line hits="1" number="1050"/>
						<line hits="1" number="1051"/>
						<line hits="1" number="1052"/>
						<line hits="1" number="1053"/>
						<line hits="1" number="1055"/>
						<line hits="1" number="1057"/>
						<line hits="1" number="1058"/>
						<line hits="0" number="1059"/>
						<line hits="0" number="1060"/>
						<line hits="1" number="1062"/>
						<line hits="1" number="1064"/>
						<line hits="1" number="1065"/>
						<line hits="1" number="1066"/>
						<line hits="1" number="1067"/>
						<line hits="1" number="1069"/>
						<line hits="0" number="1071"/>
						<line hits="0" number="1072"/>
						<line hits="0" number="1073"/>
						<line hits="0" number="1074"/>
						<line hits="0" number="1075"/>
						<line hits="0" number="1076"/>
						<line hits="0" number="1077"/>
						<line hits="0" number="1078"/>
						<line hits="0" number="1079"/>
						<line hits="1" number="1081"/>
						<line hits="0" number="1083"/>
						<line hits="1" number="1085"/>
						<line hits="1" number="1087"/>
						<line hits="1" number="1088"/>
						<line hits="0" number="1089"/>
						<line hits="0" number="1090"/>
						<line hits="0" number="1091"/>
						<line hits="0" number="1092"/>
						<line hits="0" number="1093"/>
						<line hits="0" number="1094"/>
						<line hits="0" number="1095"/>
						<line hits="0" number="1096"/>
						<line hits="0" number="1097"/>
						<line hits="0" number="1098"/>
						<line hits="0" number="1099"/>
						<line hits="1" number="1100"/>
						<line hits="1" number="1101"/>
						<line hits="1" number="1102"/>
						<line hits="1" number="1104"/>
						<line hits="1" number="1106"/>
						<line hits="1" number="1107"/>
						<line hits="0" number="1108"/>
						<line hits="0" number="1109"/>
						<line hits="0" number="1110"/>
						<line hits="0" number="1112"/>
						<line hits="0" number="1113"/>
						<line hits="1" number="1115"/>
						<line hits="1" number="1116"/>
						<line hits="1" number="1117"/>
						<line hits="0" number="1118"/>
						<line hits="1" number="1120"/>
						<line hits="0" number="1122"/>
						<line hits="1" number="1124"/>
						<line hits="0" number="1126"/>
						<line hits="0" number="1127"/>
						<line hits="0" number="1129"/>
						<line hits="0" number="1130"/>
						<line hits="0" number="1131"/>
						<line hits="0" number="1132"/>
						<line hits="0" number="1133"/>
						<line hits="0" number="1134"/>
						<line hits="0" number="1135"/>
						<line hits="0" number="1136"/>
						<line hits="0" number="1137"/>
						<line hits="0" number="1138"/>
						<line hits="0" number="1139"/>
						<line hits="0" number="1140"/>
						<line hits="0" number="1141"/>
						<line hits="0" number="1142"/>
						<line hits="0" number="1143"/>
						<line hits="0" number="1144"/>
						<line hits="0" number="1145"/>
						<line hits="0" number="1146"/>
						<line hits="1" number="1148"/>
						<line hits="1" number="1150"/>
						<line hits="0" number="1151"/>
						<line hits="1" number="1152"/>
						<line hits="1" number="1153"/>
						<line hits="1" number="1154"/>
						<line hits="1" number="1155"/>
						<line hits="1" number="1156"/>
						<line hits="1" number="1157"/>
						<line hits="1" number="1158"/>
						<line hits="1" number="1159"/>
						<line hits="1" number="1161"/>
						<line hits="1" number="1162"/>
						<line hits="1" number="1163"/>
						<line hits="1" number="1164"/>
						<line hits="0" number="1165"/>
						<line hits="0" number="1166"/>
						<line hits="0" number="1167"/>
						<line hits="1" number="1168"/>
						<line hits="1" number="1169"/>
						<line hits="0" number="1170"/>
						<line hits="1" number="1172"/>
						<line hits="1" number="1173"/>
						<line hits="1" number="1174"/>
						<line hits="1" number="1175"/>
						<line hits="1" number="1176"/>
						<line hits="0" number="1177"/>
						<line hits="1" number="1178"/>
						<line hits="1" number="1180"/>
						<line hits="1" number="1182"/>
						<line hits="1" number="1183"/>
						<line hits="1" number="1185"/>
						<line hits="1" number="1186"/>
						<line hits="0" number="1187"/>
						<line hits="1" number="1188"/>
						<line hits="1" number="1189"/>
						<line hits="1" number="1191"/>
						<line hits="1" number="1192"/>
						<line hits="1" number="1194"/>
						<line hits="0" number="1198"/>
						<line hits="0" number="1199"/>
						<line hits="0" number="1200"/>
						<line hits="0" number="1201"/>
						<line hits="0" number="1202"/>
						<line hits="0" number="1203"/>
						<line hits="0" number="1205"/>
						<line hits="0" number="1206"/>
						<line hits="0" number="1207"/>
						<line hits="0" number="1208"/>
						<line hits="1" number="1210"/>
						<line hits="0" number="1213"/>
						<line hits="0" number="1214"/>
						<line hits="0" number="1215"/>
						<line hits="0" number="1216"/>
						<line hits="0" number="1217"/>
						<line hits="0" number="1218"/>
						<line hits="0" number="1220"/>
						<line hits="0" number="1221"/>
						<line hits="0" number="1222"/>
						<line hits="0" number="1223"/>
						<line hits="0" number="1224"/>
						<line hits="1" number="1226"/>
						<line hits="1" number="1228"/>
						<line hits="1" number="1229"/>
						<line hits="1" number="1230"/>
						<line hits="1" number="1232"/>
						<line hits="1" number="1234"/>
						<line hits="1" number="1235"/>
						<line hits="1" number="1236"/>
						<line hits="0" number="1237"/>
						<line hits="0" number="1238"/>
						<line hits="1" number="1239"/>
						<line hits="1" number="1241"/>
						<line hits="1" number="1243"/>
						<line hits="1" number="1244"/>
						<line hits="1" number="1245"/>
						<line hits="0" number="1246"/>
						<line hits="0" number="1247"/>
						<line hits="1" number="1249"/>
						<line hits="1" number="1251"/>
						<line hits="1" number="1252"/>
						<line hits="1" number="1253"/>
						<line hits="1" number="1254"/>
						<line hits="1" number="1256"/>
						<line hits="1" number="1257"/>
						<line hits="1" number="1258"/>
						<line hits="1" number="1260"/>
						<line hits="1" number="1262"/>
						<line hits="1" number="1263"/>
						<line hits="0" number="1264"/>
						<line hits="0" number="1265"/>
						<line hits="1" number="1267"/>
						<line hits="1" number="1268"/>
						<line hits="1" number="1269"/>
						<line hits="1" number="1271"/>
						<line hits="1" number="1273"/>
						<line hits="1" number="1274"/>
						<line hits="1" number="1275"/>
						<line hits="1" number="1276"/>
						<line hits="1" number="1278"/>
						<line hits="1" number="1279"/>
						<line hits="1" number="1280"/>
						<line hits="1" number="1282"/>
						<line hits="0" number="1284"/>
						<line hits="0" number="1285"/>
						<line hits="0" number="1286"/>
						<line hits="0" number="1287"/>
						<line hits="0" number="1288"/>
						<line hits="0" number="1289"/>
						<line hits="1" number="1291"/>
						<line hits="1" number="1295"/>
						<line hits="1" number="1296"/>
						<line hits="1" number="1297"/>
						<line hits="1" number="1298"/>
						<line hits="1" number="1299"/>
						<line hits="1" number="1300"/>
						<line hits="1" number="1301"/>
						<line hits="0" number="1302"/>
						<line hits="1" number="1304"/>
						<line hits="1" number="1306"/>
						<line hits="1" number="1307"/>
						<line hits="1" number="1308"/>
						<line hits="1" number="1309"/>
						<line hits="1" number="1310"/>
						<line hits="0" number="1311"/>
						<line hits="1" number="1312"/>
						<line hits="1" number="1314"/>
						<line hits="1" number="1316"/>
						<line hits="1" number="1317"/>
						<line hits="1" number="1318"/>
						<line hits="1" number="1319"/>
						<line hits="1" number="1320"/>
						<line hits="1" number="1321"/>
						<line hits="1" number="1322"/>
						<line hits="1" number="1323"/>
						<line hits="1" number="1324"/>
						<line hits="1" number="1325"/>
						<line hits="1" number="1326"/>
						<line hits="1" number="1328"/>
						<line hits="1" number="1330"/>
						<line hits="1" number="1331"/>
						<line hits="1" number="1332"/>
						<line hits="0" number="1333"/>
						<line hits="1" number="1334"/>
						<line hits="1" number="1335"/>
						<line hits="1" number="1336"/>
						<line hits="1" number="1337"/>
						<line hits="1" number="1338"/>
						<line hits="1" number="1340"/>
						<line hits="1" number="1342"/>
						<line hits="1" number="1343"/>
						<line hits="0" number="1344"/>
						<line hits="0" number="1345"/>
						<line hits="1" number="1346"/>
						<line hits="1" number="1348"/>
						<line hits="0" number="1352"/>
						<line hits="0" number="1353"/>
						<line hits="0" number="1354"/>
						<line hits="0" number="1355"/>
						<line hits="0" number="1356"/>
						<line hits="0" number="1357"/>
						<line hits="0" number="1358"/>
						<line hits="0" number="1359"/>
						<line hits="0" number="1360"/>
						<line hits="0" number="1361"/>
						<line hits="0" number="1362"/>
						<line hits="1" number="1364"/>
						<line hits="0" number="1368"/>
						<line hits="0" number="1369"/>
						<line hits="0" number="1370"/>
						<line hits="0" number="1371"/>
						<line hits="0" number="1372"/>
						<line hits="0" number="1373"/>
						<line hits="0" number="1374"/>
						<line hits="0" number="1375"/>
						<line hits="0" number="1376"/>
						<line hits="0" number="1377"/>
						<line hits="0" number="1378"/>
						<line hits="1" number="1380"/>
						<line hits="1" number="1384"/>
						<line hits="1" number="1385"/>
						<line hits="0" number="1386"/>
						<line hits="0" number="1387"/>
						<line hits="1" number="1388"/>
						<line hits="1" number="1389"/>
						<line hits="0" number="1390"/>
						<line hits="0" number="1391"/>
						<line hits="0" number="1392"/>
						<line hits="1" number="1393"/>
						<line hits="1" number="1394"/>
						<line hits="1" number="1395"/>
						<line hits="1" number="1396"/>
						<line hits="0" number="1397"/>
						<line hits="1" number="1398"/>
						<line hits="1" number="1399"/>
						<line hits="1" number="1400"/>
						<line hits="1" number="1402"/>
						<line hits="1" number="1406"/>
						<line hits="0" number="1407"/>
						<line hits="1" number="1408"/>
						<line hits="0" number="1409"/>
						<line hits="1" number="1410"/>
						<line hits="1" number="1411"/>
						<line hits="0" number="1413"/>
						<line hits="1" number="1415"/>
						<line hits="1" number="1417"/>
						<line hits="1" number="1418"/>
						<line hits="1" number="1419"/>
						<line hits="1" number="1420"/>
						<line hits="1" number="1421"/>
						<line hits="1" number="1422"/>
						<line hits="1" number="1424"/>
						<line hits="1" number="1426"/>
						<line hits="1" number="1427"/>
						<line hits="1" number="1428"/>
						<line hits="1" number="1429"/>
						<line hits="1" number="1430"/>
						<line hits="1" number="1431"/>
						<line hits="1" number="1433"/>
						<line hits="1" number="1434"/>
						<line hits="1" number="1436"/>
						<line hits="1" number="1438"/>
						<line hits="1" number="1439"/>
						<line hits="1" number="1440"/>
						<line hits="1" number="1441"/>
						<line hits="1" number="1442"/>
						<line hits="1" number="1443"/>
						<line hits="1" number="1444"/>
						<line hits="1" number="1445"/>
						<line hits="1" number="1446"/>
						<line hits="0" number="1447"/>
						<line hits="1" number="1448"/>
						<line hits="0" number="1449"/>
						<line hits="1" number="1450"/>
						<line hits="1" number="1451"/>
						<line hits="1" number="1452"/>
						<line hits="1" number="1453"/>
						<line hits="1" number="1454"/>
						<line hits="1" number="1455"/>
						<line hits="1" number="1457"/>
						<line hits="1" number="1459"/>
						<line hits="1" number="1460"/>
						<line hits="1" number="1461"/>
						<line hits="0" number="1462"/>
						<line hits="1" number="1463"/>
						<line hits="1" number="1464"/>
						<line hits="1" number="1465"/>
						<line hits="1" number="1466"/>
						<line hits="1" number="1467"/>
						<line hits="1" number="1468"/>
						<line hits="1" number="1469"/>
						<line hits="0" number="1470"/>
						<line hits="0" number="1471"/>
						<line hits="0" number="1472"/>
						<line hits="1" number="1473"/>
						<line hits="1" number="1474"/>
						<line hits="1" number="1475"/>
						<line hits="1" number="1476"/>
						<line hits="1" number="1478"/>
						<line hits="1" number="1481"/>
						<line hits="1" number="1482"/>
						<line hits="1" number="1483"/>
						<line hits="1" number="1484"/>
						<line hits="1" number="1486"/>
						<line hits="1" number="1487"/>
						<line hits="1" number="1488"/>
						<line hits="1" number="1489"/>
						<line hits="1" number="1490"/>
						<line hits="1" number="1491"/>
						<line hits="0" number="1492"/>
						<line hits="1" number="1493"/>
						<line hits="1" number="1494"/>
						<line hits="1" number="1495"/>
						<line hits="1" number="1496"/>
						<line hits="1" number="1497"/>
						<line hits="1" number="1499"/>
						<line hits="1" number="1500"/>
						<line hits="0" number="1501"/>
						<line hits="0" number="1502"/>
						<line hits="1" number="1503"/>
						<line hits="1" number="1505"/>
						<line hits="1" number="1507"/>
						<line hits="1" number="1508"/>
						<line hits="1" number="1509"/>
						<line hits="1" number="1510"/>
						<line hits="1" number="1511"/>
						<line hits="1" number="1512"/>
						<line hits="1" number="1513"/>
						<line hits="1" number="1514"/>
						<line hits="1" number="1515"/>
						<line hits="1" number="1518"/>
						<line hits="1" number="1525"/>
						<line hits="1" number="1526"/>
						<line hits="1" number="1527"/>
						<line hits="1" number="1528"/>
						<line hits="1" number="1529"/>
						<line hits="1" number="1530"/>
						<line hits="1" number="1531"/>
						<line hits="1" number="1532"/>
						<line hits="1" number="1534"/>
						<line hits="1" number="1565"/>
						<line hits="1" number="1566"/>
						<line hits="1" number="1569"/>
						<line hits="1" number="1571"/>
						<line hits="1" number="1573"/>
						<line hits="1" number="1575"/>
						<line hits="1" number="1577"/>
						<line hits="1" number="1579"/>
						<line hits="1" number="1580"/>
						<line hits="1" number="1582"/>
						<line hits="1" number="1584"/>
						<line hits="1" number="1585"/>
						<line hits="1" number="1586"/>
						<line hits="1" number="1587"/>
						<line hits="1" number="1588"/>
						<line hits="1" number="1589"/>
						<line hits="1" number="1590"/>
						<line hits="1" number="1591"/>
						<line hits="1" number="1592"/>
						<line hits="0" number="1593"/>
						<line hits="0" number="1594"/>
						<line hits="1" number="1595"/>
						<line hits="1" number="1596"/>
						<line hits="1" number="1598"/>
						<line hits="1" number="1600"/>
						<line hits="1" number="1601"/>
						<line hits="1" number="1602"/>
						<line hits="1" number="1603"/>
						<line hits="1" number="1604"/>
						<line hits="1" number="1605"/>
						<line hits="1" number="1606"/>
						<line hits="0" number="1607"/>
						<line hits="1" number="1609"/>
						<line hits="1" number="1611"/>
						<line hits="1" number="1612"/>
						<line hits="0" number="1613"/>
						<line hits="0" number="1614"/>
						<line hits="0" number="1615"/>
						<line hits="0" number="1616"/>
						<line hits="0" number="1617"/>
						<line hits="0" number="1618"/>
						<line hits="0" number="1619"/>
						<line hits="0" number="1621"/>
						<line hits="0" number="1623"/>
						<line hits="0" number="1624"/>
						<line hits="0" number="1625"/>
						<line hits="0" number="1626"/>
						<line hits="0" number="1627"/>
						<line hits="0" number="1628"/>
						<line hits="1" number="1630"/>
						<line hits="1" number="1632"/>
						<line hits="1" number="1633"/>
						<line hits="1" number="1634"/>
						<line hits="1" number="1635"/>
						<line hits="1" number="1636"/>
						<line hits="1" number="1637"/>
						<line hits="1" number="1639"/>
						<line hits="0" number="1641"/>
						<line hits="0" number="1642"/>
						<line hits="0" number="1643"/>
						<line hits="0" number="1644"/>
						<line hits="0" number="1645"/>
						<line hits="0" number="1646"/>
						<line hits="0" number="1648"/>
						<line hits="0" number="1649"/>
						<line hits="0" number="1651"/>
						<line hits="0" number="1652"/>
						<line hits="0" number="1654"/>
						<line hits="0" number="1656"/>
						<line hits="0" number="1657"/>
						<line hits="0" number="1658"/>
						<line hits="0" number="1660"/>
						<line hits="0" number="1661"/>
						<line hits="0" number="1663"/>
						<line hits="0" number="1664"/>
						<line hits="0" number="1665"/>
						<line hits="0" number="1666"/>
						<line hits="1" number="1668"/>
						<line hits="1" number="1670"/>
						<line hits="1" number="1671"/>
						<line hits="1" number="1672"/>
						<line hits="1" number="1673"/>
						<line hits="0" number="1674"/>
						<line hits="0" number="1675"/>
						<line hits="1" number="1676"/>
						<line hits="1" number="1678"/>
						<line hits="0" number="1680"/>
						<line hits="0" number="1681"/>
						<line hits="0" number="1682"/>
						<line hits="0" number="1683"/>
						<line hits="0" number="1684"/>
						<line hits="0" number="1685"/>
						<line hits="0" number="1686"/>
						<line hits="0" number="1687"/>
						<line hits="0" number="1689"/>
						<line hits="0" number="1690"/>
						<line hits="1" number="1692"/>
						<line hits="1" number="1694"/>
						<line hits="1" number="1695"/>
						<line hits="1" number="1696"/>
						<line hits="1" number="1697"/>
						<line hits="0" number="1698"/>
						<line hits="0" number="1699"/>
						<line hits="0" number="1700"/>
						<line hits="0" number="1701"/>
						<line hits="0" number="1702"/>
						<line hits="0" number="1703"/>
						<line hits="0" number="1705"/>
						<line hits="0" number="1706"/>
						<line hits="0" number="1707"/>
						<line hits="0" number="1708"/>
						<line hits="0" number="1709"/>
						<line hits="0" number="1710"/>
						<line hits="1" number="1712"/>
						<line hits="1" number="1714"/>
						<line hits="1" number="1715"/>
						<line hits="1" number="1716"/>
						<line hits="1" number="1717"/>
						<line hits="1" number="1719"/>
						<line hits="1" number="1720"/>
						<line hits="1" number="1721"/>
						<line hits="1" number="1723"/>
						<line hits="1" number="1724"/>
						<line hits="1" number="1725"/>
						<line hits="1" number="1726"/>
						<line hits="1" number="1727"/>
						<line hits="1" number="1728"/>
						<line hits="1" number="1729"/>
						<line hits="1" number="1730"/>
						<line hits="0" number="1731"/>
						<line hits="0" number="1732"/>
						<line hits="1" number="1733"/>
						<line hits="1" number="1734"/>
						<line hits="1" number="1735"/>
						<line hits="1" number="1736"/>
						<line hits="1" number="1739"/>
						<line hits="1" number="1742"/>
						<line hits="1" number="1743"/>
						<line hits="1" number="1744"/>
						<line hits="1" number="1745"/>
						<line hits="1" number="1746"/>
						<line hits="1" number="1747"/>
						<line hits="1" number="1749"/>
						<line hits="1" number="1750"/>
						<line hits="1" number="1751"/>
						<line hits="1" number="1753"/>
						<line hits="0" number="1754"/>
						<line hits="1" number="1755"/>
						<line hits="1" number="1756"/>
						<line hits="1" number="1757"/>
						<line hits="1" number="1758"/>
						<line hits="1" number="1759"/>
						<line hits="1" number="1760"/>
						<line hits="1" number="1761"/>
						<line hits="1" number="1762"/>
						<line hits="1" number="1764"/>
						<line hits="1" number="1766"/>
						<line hits="1" number="1767"/>
						<line hits="1" number="1768"/>
						<line hits="1" number="1769"/>
						<line hits="1" number="1770"/>
						<line hits="0" number="1771"/>
						<line hits="1" number="1772"/>
						<line hits="0" number="1773"/>
						<line hits="1" number="1774"/>
						<line hits="1" number="1775"/>
						<line hits="1" number="1776"/>
						<line hits="1" number="1777"/>
						<line hits="1" number="1778"/>
						<line hits="1" number="1779"/>
						<line hits="1" number="1780"/>
						<line hits="1" number="1781"/>
						<line hits="1" number="1783"/>
						<line hits="1" number="1785"/>
						<line hits="1" number="1786"/>
						<line hits="1" number="1787"/>
						<line hits="1" number="1788"/>
						<line hits="1" number="1789"/>
						<line hits="1" number="1790"/>
						<line hits="1" number="1792"/>
						<line hits="1" number="1798"/>
						<line hits="1" number="1799"/>
						<line hits="1" number="1800"/>
						<line hits="1" number="1801"/>
						<line hits="1" number="1802"/>
						<line hits="1" number="1803"/>
						<line hits="0" number="1804"/>
						<line hits="1" number="1805"/>
						<line hits="0" number="1806"/>
						<line hits="0" number="1807"/>
						<line hits="0" number="1809"/>
						<line hits="0" number="1810"/>
						<line hits="0" number="1812"/>
						<line hits="0" number="1813"/>
						<line hits="0" number="1814"/>
						<line hits="0" number="1815"/>
						<line hits="0" number="1816"/>
						<line hits="0" number="1817"/>
						<line hits="0" number="1818"/>
						<line hits="0" number="1819"/>
						<line hits="0" number="1820"/>
						<line hits="1" number="1821"/>
						<line hits="1" number="1822"/>
						<line hits="1" number="1823"/>
						<line hits="1" number="1825"/>
						<line hits="1" number="1827"/>
						<line hits="1" number="1828"/>
						<line hits="1" number="1829"/>
						<line hits="1" number="1830"/>
						<line hits="1" number="1832"/>
						<line hits="1" number="1833"/>
						<line hits="1" number="1834"/>
						<line hits="1" number="1836"/>
						<line hits="1" number="1838"/>
						<line hits="1" number="1839"/>
						<line hits="0" number="1840"/>
						<line hits="0" number="1841"/>
						<line hits="0" number="1842"/>
						<line hits="0" number="1843"/>
						<line hits="1" number="1845"/>
						<line hits="1" number="1847"/>
						<line hits="1" number="1848"/>
						<line hits="1" number="1849"/>
						<line hits="1" number="1850"/>
						<line hits="1" number="1851"/>
						<line hits="1" number="1853"/>
						<line hits="1" number="1855"/>
						<line hits="1" number="1856"/>
						<line hits="1" number="1857"/>
						<line hits="1" number="1858"/>
						<line hits="1" number="1860"/>
						<line hits="1" number="1862"/>
						<line hits="1" number="1863"/>
						<line hits="1" number="1864"/>
						<line hits="0" number="1865"/>
						<line hits="1" number="1867"/>
						<line hits="1" number="1869"/>
						<line hits="1" number="1870"/>
						<line hits="1" number="1871"/>
						<line hits="0" number="1872"/>
						<line hits="0" number="1873"/>
						<line hits="1" number="1875"/>
						<line hits="0" number="1877"/>
						<line hits="0" number="1878"/>
						<line hits="0" number="1879"/>
						<line hits="0" number="1880"/>
						<line hits="0" number="1881"/>
						<line hits="0" number="1882"/>
						<line hits="0" number="1883"/>
						<line hits="0" number="1884"/>
						<line hits="0" number="1885"/>
						<line hits="0" number="1886"/>
						<line hits="0" number="1887"/>
						<line hits="0" number="1888"/>
						<line hits="0" number="1889"/>
						<line hits="0" number="1890"/>
						<line hits="0" number="1892"/>
						<line hits="1" number="1894"/>
						<line hits="0" number="1896"/>
						<line hits="0" number="1897"/>
						<line hits="0" number="1898"/>
						<line hits="0" number="1899"/>
						<line hits="0" number="1900"/>
						<line hits="0" number="1902"/>
						<line hits="0" number="1903"/>
						<line hits="0" number="1904"/>
						<line hits="0" number="1905"/>
						<line hits="0" number="1906"/>
						<line hits="0" number="1907"/>
						<line hits="0" number="1908"/>
						<line hits="1" number="1910"/>
						<line hits="1" number="1912"/>
						<line hits="1" number="1913"/>
						<line hits="1" number="1914"/>
						<line hits="1" number="1915"/>
						<line hits="0" number="1916"/>
						<line hits="1" number="1917"/>
						<line hits="1" number="1918"/>
						<line hits="1" number="1919"/>
						<line hits="1" number="1920"/>
						<line hits="1" number="1921"/>
						<line hits="1" number="1922"/>
						<line hits="1" number="1923"/>
						<line hits="1" number="1924"/>
						<line hits="1" number="1925"/>
						<line hits="1" number="1926"/>
						<line hits="1" number="1927"/>
						<line hits="1" number="1928"/>
						<line hits="1" number="1930"/>
						<line hits="1" number="1931"/>
						<line hits="1" number="1932"/>
						<line hits="1" number="1933"/>
						<line hits="1" number="1934"/>
						<line hits="0" number="1935"/>
						<line hits="1" number="1937"/>
						<line hits="1" number="1939"/>
						<line hits="1" number="1940"/>
						<line hits="1" number="1941"/>
						<line hits="1" number="1942"/>
						<line hits="1" number="1943"/>
						<line hits="0" number="1944"/>
						<line hits="0" number="1945"/>
						<line hits="1" number="1946"/>
						<line hits="1" number="1948"/>
						<line hits="1" number="1950"/>
						<line hits="1" number="1952"/>
						<line hits="1" number="1953"/>
						<line hits="1" number="1954"/>
						<line hits="1" number="1955"/>
						<line hits="1" number="1956"/>
						<line hits="1" number="1957"/>
						<line hits="1" number="1958"/>
						<line hits="1" number="1959"/>
						<line hits="1" number="1961"/>
						<line hits="1" number="1964"/>
						<line hits="1" number="1966"/>
						<line hits="1" number="1967"/>
						<line hits="1" number="1968"/>
						<line hits="1" number="1969"/>
						<line hits="1" number="1970"/>
						<line hits="1" number="1971"/>
						<line hits="1" number="1972"/>
						<line hits="1" number="1973"/>
						<line hits="0" number="1974"/>
						<line hits="1" number="1975"/>
						<line hits="1" number="1976"/>
						<line hits="0" number="1977"/>
						<line hits="0" number="1978"/>
						<line hits="0" number="1979"/>
						<line hits="0" number="1980"/>
						<line hits="1" number="1981"/>
						<line hits="1" number="1983"/>
						<line hits="1" number="1985"/>
						<line hits="1" number="1986"/>
						<line hits="1" number="1987"/>
						<line hits="1" number="1988"/>
						<line hits="1" number="1989"/>
						<line hits="1" number="1990"/>
						<line hits="1" number="1991"/>
						<line hits="1" number="1993"/>
						<line hits="1" number="1995"/>
						<line hits="1" number="1996"/>
						<line hits="1" number="1997"/>
						<line hits="0" number="1998"/>
						<line hits="0" number="1999"/>
						<line hits="0" number="2000"/>
						<line hits="1" number="2001"/>
						<line hits="1" number="2002"/>
						<line hits="1" number="2005"/>
						<line hits="1" number="2013"/>
						<line hits="1" number="2015"/>
						<line hits="1" number="2016"/>
						<line hits="1" number="2017"/>
						<line hits="1" number="2018"/>
						<line hits="1" number="2019"/>
						<line hits="1" number="2020"/>
						<line hits="1" number="2021"/>
						<line hits="1" number="2022"/>
						<line hits="1" number="2024"/>
						<line hits="0" number="2026"/>
						<line hits="0" number="2027"/>
						<line hits="0" number="2028"/>
						<line hits="0" number="2031"/>
						<line hits="0" number="2033"/>
						<line hits="0" number="2034"/>
						<line hits="0" number="2035"/>
						<line hits="0" number="2036"/>
						<line hits="0" number="2038"/>
						<line hits="0" number="2039"/>
						<line hits="0" number="2040"/>
						<line hits="0" number="2041"/>
						<line hits="0" number="2042"/>
						<line hits="0" number="2043"/>
						<line hits="0" number="2044"/>
						<line hits="0" number="2045"/>
						<line hits="0" number="2046"/>
						<line hits="1" number="2048"/>
						<line hits="0" number="2050"/>
						<line hits="1" number="2052"/>
						<line hits="0" number="2054"/>
						<line hits="1" number="2056"/>
						<line hits="1" number="2058"/>
						<line hits="1" number="2059"/>
						<line hits="1" number="2061"/>
						<line hits="1" number="2062"/>
						<line hits="1" number="2063"/>
						<line hits="1" number="2064"/>
						<line hits="1" number="2065"/>
						<line hits="0" number="2066"/>
						<line hits="0" number="2067"/>
						<line hits="1" number="2068"/>
						<line hits="1" number="2071"/>
						<line hits="1" number="2072"/>
						<line hits="0" number="2073"/>
						<line hits="0" number="2074"/>
						<line hits="1" number="2075"/>
						<line hits="1" number="2078"/>
						<line hits="1" number="2080"/>
						<line hits="1" number="2081"/>
						<line hits="1" number="2083"/>
						<line hits="1" number="2084"/>
						<line hits="1" number="2085"/>
						<line hits="1" number="2086"/>
						<line hits="1" number="2087"/>
						<line hits="0" number="2088"/>
						<line hits="0" number="2089"/>
						<line hits="1" number="2090"/>
						<line hits="1" number="2092"/>
						<line hits="1" number="2093"/>
						<line hits="0" number="2094"/>
						<line hits="0" number="2095"/>
						<line hits="1" number="2096"/>
						<line hits="1" number="2098"/>
						<line hits="1" number="2100"/>
						<line hits="1" number="2101"/>
						<line hits="1" number="2103"/>
						<line hits="1" number="2104"/>
						<line hits="1" number="2105"/>
						<line hits="1" number="2106"/>
						<line hits="0" number="2107"/>
						<line hits="0" number="2108"/>
						<line hits="1" number="2110"/>
						<line hits="1" number="2111"/>
						<line hits="1" number="2113"/>
						<line hits="1" number="2114"/>
						<line hits="1" number="2115"/>
						<line hits="1" number="2116"/>
						<line hits="0" number="2117"/>
						<line hits="0" number="2118"/>
						<line hits="1" number="2120"/>
						<line hits="1" number="2122"/>
						<line hits="1" number="2123"/>
						<line hits="1" number="2125"/>
						<line hits="1" number="2126"/>
						<line hits="1" number="2127"/>
						<line hits="1" number="2128"/>
						<line hits="0" number="2129"/>
						<line hits="0" number="2130"/>
						<line hits="1" number="2132"/>
						<line hits="1" number="2133"/>
						<line hits="1" number="2134"/>
						<line hits="1" number="2135"/>
						<line hits="1" number="2136"/>
						<line hits="1" number="2137"/>
						<line hits="0" number="2138"/>
						<line hits="0" number="2139"/>
						<line hits="1" number="2141"/>
						<line hits="1" number="2144"/>
						<line hits="1" number="2145"/>
						<line hits="0" number="2146"/>
						<line hits="1" number="2147"/>
						<line hits="1" number="2149"/>
						<line hits="1" number="2151"/>
						<line hits="1" number="2152"/>
						<line hits="0" number="2153"/>
						<line hits="0" number="2154"/>
						<line hits="1" number="2155"/>
						<line hits="1" number="2156"/>
						<line hits="0" number="2157"/>
						<line hits="1" number="2158"/>
						<line hits="1" number="2160"/>
						<line hits="1" number="2162"/>
						<line hits="1" number="2163"/>
						<line hits="1" number="2164"/>
						<line hits="1" number="2166"/>
						<line hits="1" number="2168"/>
						<line hits="1" number="2169"/>
						<line hits="1" number="2170"/>
						<line hits="1" number="2172"/>
						<line hits="1" number="2174"/>
						<line hits="1" number="2176"/>
						<line hits="1" number="2177"/>
						<line hits="0" number="2178"/>
						<line hits="1" number="2181"/>
						<line hits="1" number="2187"/>
						<line hits="1" number="2188"/>
						<line hits="1" number="2190"/>
						<line hits="1" number="2191"/>
						<line hits="1" number="2192"/>
						<line hits="1" number="2193"/>
						<line hits="1" number="2195"/>
						<line hits="1" number="2196"/>
						<line hits="1" number="2197"/>
						<line hits="1" number="2198"/>
						<line hits="1" number="2200"/>
						<line hits="1" number="2202"/>
						<line hits="1" number="2203"/>
						<line hits="1" number="2204"/>
						<line hits="1" number="2205"/>
						<line hits="1" number="2206"/>
						<line hits="1" number="2207"/>
						<line hits="0" number="2208"/>
						<line hits="0" number="2209"/>
						<line hits="1" number="2210"/>
						<line hits="1" number="2212"/>
						<line hits="1" number="2214"/>
						<line hits="1" number="2215"/>
						<line hits="1" number="2216"/>
						<line hits="1" number="2217"/>
						<line hits="1" number="2218"/>
						<line hits="1" number="2219"/>
						<line hits="1" number="2220"/>
						<line hits="1" number="2221"/>
						<line hits="1" number="2222"/>
						<line hits="1" number="2223"/>
						<line hits="1" number="2224"/>
						<line hits="1" number="2225"/>
						<line hits="0" number="2226"/>
						<line hits="1" number="2227"/>
						<line hits="0" number="2228"/>
						<line hits="0" number="2229"/>
						<line hits="1" number="2230"/>
						<line hits="1" number="2231"/>
						<line hits="1" number="2232"/>
						<line hits="1" number="2234"/>
						<line hits="1" number="2240"/>
						<line hits="1" number="2241"/>
						<line hits="1" number="2242"/>
						<line hits="1" number="2243"/>
						<line hits="1" number="2244"/>
						<line hits="1" number="2246"/>
						<line hits="1" number="2248"/>
						<line hits="1" number="2249"/>
						<line hits="1" number="2251"/>
						<line hits="1" number="2253"/>
						<line hits="1" number="2254"/>
						<line hits="1" number="2255"/>
						<line hits="1" number="2256"/>
						<line hits="1" number="2257"/>
						<line hits="1" number="2258"/>
						<line hits="1" number="2259"/>
						<line hits="0" number="2260"/>
						<line hits="0" number="2261"/>
						<line hits="0" number="2263"/>
						<line hits="0" number="2264"/>
						<line hits="1" number="2265"/>
						<line hits="1" number="2267"/>
						<line hits="0" number="2269"/>
						<line hits="0" number="2270"/>
						<line hits="0" number="2271"/>
						<line hits="0" number="2272"/>
						<line hits="1" number="2274"/>
						<line hits="0" number="2276"/>
						<line hits="0" number="2277"/>
						<line hits="1" number="2279"/>
						<line hits="0" number="2282"/>
						<line hits="1" number="2285"/>
						<line hits="1" number="2289"/>
						<line hits="1" number="2291"/>
						<line hits="1" number="2292"/>
						<line hits="1" number="2293"/>
						<line hits="1" number="2294"/>
						<line hits="1" number="2295"/>
						<line hits="0" number="2297"/>
						<line hits="0" number="2298"/>
						<line hits="0" number="2299"/>
						<line hits="1" number="2301"/>
						<line hits="0" number="2303"/>
						<line hits="0" number="2304"/>
						<line hits="0" number="2305"/>
						<line hits="0" number="2306"/>
						<line hits="0" number="2307"/>
						<line hits="1" number="2309"/>
						<line hits="0" number="2311"/>
						<line hits="0" number="2312"/>
						<line hits="0" number="2313"/>
						<line hits="0" number="2314"/>
						<line hits="0" number="2316"/>
						<line hits="0" number="2317"/>
						<line hits="1" number="2319"/>
						<line hits="0" number="2321"/>
						<line hits="0" number="2322"/>
						<line hits="0" number="2323"/>
						<line hits="0" number="2324"/>
						<line hits="0" number="2325"/>
						<line hits="0" number="2326"/>
						<line hits="0" number="2327"/>
						<line hits="0" number="2328"/>
						<line hits="0" number="2329"/>
						<line hits="0" number="2330"/>
						<line hits="0" number="2331"/>
						<line hits="0" number="2332"/>
						<line hits="0" number="2333"/>
						<line hits="0" number="2334"/>
						<line hits="0" number="2335"/>
						<line hits="0" number="2336"/>
						<line hits="0" number="2337"/>
						<line hits="1" number="2339"/>
						<line hits="0" number="2341"/>
						<line hits="0" number="2342"/>
						<line hits="1" number="2344"/>
						<line hits="0" number="2346"/>
						<line hits="0" number="2347"/>
						<line hits="0" number="2348"/>
						<line hits="0" number="2350"/>
						<line hits="0" number="2351"/>
						<line hits="0" number="2353"/>
						<line hits="0" number="2354"/>
						<line hits="0" number="2355"/>
						<line hits="0" number="2356"/>
						<line hits="0" number="2357"/>
						<line hits="0" number="2358"/>
						<line hits="0" number="2359"/>
						<line hits="0" number="2360"/>
						<line hits="0" number="2361"/>
						<line hits="0" number="2362"/>
						<line hits="0" number="2363"/>
						<line hits="0" number="2364"/>
						<line hits="0" number="2365"/>
						<line hits="1" number="2367"/>
						<line hits="0" number="2369"/>
						<line hits="0" number="2370"/>
						<line hits="0" number="2371"/>
						<line hits="0" number="2372"/>
						<line hits="0" number="2373"/>
						<line hits="0" number="2374"/>
						<line hits="0" number="2375"/>
						<line hits="0" number="2376"/>
						<line hits="0" number="2377"/>
						<line hits="0" number="2378"/>
						<line hits="0" number="2379"/>
						<line hits="1" number="2381"/>
						<line hits="0" number="2383"/>
						<line hits="0" number="2384"/>
						<line hits="1" number="2386"/>
						<line hits="0" number="2388"/>
						<line hits="0" number="2389"/>
						<line hits="0" number="2390"/>
						<line hits="0" number="2391"/>
						<line hits="0" number="2392"/>
						<line hits="1" number="2394"/>
						<line hits="0" number="2396"/>
						<line hits="0" number="2397"/>
						<line hits="0" number="2398"/>
						<line hits="0" number="2399"/>
						<line hits="1" number="2402"/>
						<line hits="1" number="2408"/>
						<line hits="1" number="2409"/>
						<line hits="1" number="2410"/>
						<line hits="1" number="2411"/>
						<line hits="1" number="2412"/>
						<line hits="1" number="2413"/>
						<line hits="1" number="2414"/>
						<line hits="1" number="2415"/>
						<line hits="1" number="2416"/>
						<line hits="1" number="2417"/>
						<line hits="1" number="2419"/>
						<line hits="1" number="2420"/>
						<line hits="1" number="2421"/>
						<line hits="1" number="2422"/>
						<line hits="1" number="2423"/>
						<line hits="1" number="2424"/>
						<line hits="1" number="2425"/>
						<line hits="1" number="2426"/>
						<line hits="1" number="2427"/>
						<line hits="1" number="2428"/>
						<line hits="1" number="2429"/>
						<line hits="1" number="2430"/>
						<line hits="1" number="2431"/>
						<line hits="1" number="2432"/>
						<line hits="1" number="2433"/>
						<line hits="1" number="2434"/>
						<line hits="1" number="2435"/>
						<line hits="1" number="2436"/>
						<line hits="1" number="2437"/>
						<line hits="1" number="2438"/>
						<line hits="1" number="2439"/>
						<line hits="1" number="2440"/>
						<line hits="1" number="2442"/>
						<line hits="1" number="2444"/>
						<line hits="1" number="2445"/>
						<line hits="1" number="2446"/>
						<line hits="1" number="2447"/>
						<line hits="1" number="2448"/>
						<line hits="1" number="2449"/>
						<line hits="0" number="2450"/>
						<line hits="0" number="2451"/>
						<line hits="0" number="2452"/>
						<line hits="0" number="2453"/>
						<line hits="0" number="2454"/>
						<line hits="0" number="2455"/>
						<line hits="0" number="2456"/>
						<line hits="1" number="2457"/>
						<line hits="1" number="2458"/>
						<line hits="1" number="2459"/>
						<line hits="1" number="2461"/>
						<line hits="1" number="2462"/>
						<line hits="1" number="2464"/>
						<line hits="1" number="2468"/>
						<line hits="1" number="2469"/>
						<line hits="1" number="2470"/>
						<line hits="1" number="2471"/>
						<line hits="1" number="2472"/>
						<line hits="1" number="2473"/>
						<line hits="1" number="2474"/>
						<line hits="0" number="2475"/>
						<line hits="0" number="2476"/>
						<line hits="1" number="2478"/>
						<line hits="1" number="2479"/>
						<line hits="0" number="2480"/>
						<line hits="0" number="2481"/>
						<line hits="1" number="2482"/>
						<line hits="1" number="2483"/>
						<line hits="1" number="2484"/>
						<line hits="1" number="2485"/>
						<line hits="1" number="2486"/>
						<line hits="1" number="2487"/>
						<line hits="1" number="2488"/>
						<line hits="1" number="2490"/>
						<line hits="1" number="2493"/>
						<line hits="1" number="2494"/>
						<line hits="1" number="2495"/>
						<line hits="1" number="2496"/>
						<line hits="1" number="2497"/>
						<line hits="1" number="2499"/>
						<line hits="1" number="2500"/>
						<line hits="1" number="2501"/>
						<line hits="1" number="2502"/>
						<line hits="1" number="2503"/>
						<line hits="1" number="2504"/>
						<line hits="0" number="2505"/>
						<line hits="0" number="2506"/>
						<line hits="1" number="2508"/>
						<line hits="1" number="2510"/>
						<line hits="1" number="2511"/>
						<line hits="1" number="2512"/>
						<line hits="1" number="2513"/>
						<line hits="1" number="2514"/>
						<line hits="1" number="2516"/>
						<line hits="1" number="2517"/>
						<line hits="1" number="2518"/>
						<line hits="1" number="2519"/>
						<line hits="0" number="2520"/>
						<line hits="1" number="2522"/>
						<line hits="1" number="2524"/>
						<line hits="1" number="2526"/>
						<line hits="1" number="2527"/>
						<line hits="1" number="2528"/>
						<line hits="0" number="2529"/>
						<line hits="1" number="2530"/>
						<line hits="1" number="2531"/>
						<line hits="1" number="2532"/>
						<line hits="1" number="2533"/>
						<line hits="1" number="2535"/>
						<line hits="1" number="2537"/>
						<line hits="0" number="2538"/>
						<line hits="1" number="2539"/>
						<line hits="1" number="2540"/>
						<line hits="1" number="2541"/>
						<line hits="1" number="2542"/>
						<line hits="1" number="2543"/>
						<line hits="1" number="2544"/>
						<line hits="1" number="2545"/>
						<line hits="1" number="2546"/>
						<line hits="1" number="2547"/>
						<line hits="1" number="2548"/>
						<line hits="1" number="2549"/>
						<line hits="1" number="2550"/>
						<line hits="1" number="2551"/>
						<line hits="1" number="2552"/>
						<line hits="1" number="2553"/>
						<line hits="1" number="2554"/>
						<line hits="1" number="2555"/>
						<line hits="1" number="2556"/>
						<line hits="0" number="2557"/>
						<line hits="0" number="2558"/>
						<line hits="0" number="2559"/>
						<line hits="0" number="2560"/>
						<line hits="0" number="2561"/>
						<line hits="0" number="2563"/>
						<line hits="0" number="2565"/>
						<line hits="0" number="2567"/>
						<line hits="1" number="2568"/>
						<line hits="1" number="2570"/>
						<line hits="1" number="2572"/>
						<line hits="0" number="2573"/>
						<line hits="1" number="2574"/>
						<line hits="0" number="2575"/>
						<line hits="0" number="2576"/>
						<line hits="0" number="2577"/>
						<line hits="1" number="2579"/>
						<line hits="1" number="2581"/>
						<line hits="0" number="2582"/>
						<line hits="0" number="2583"/>
						<line hits="0" number="2584"/>
						<line hits="0" number="2585"/>
						<line hits="0" number="2586"/>
						<line hits="0" number="2587"/>
						<line hits="0" number="2588"/>
						<line hits="0" number="2589"/>
						<line hits="0" number="2590"/>
						<line hits="0" number="2592"/>
						<line hits="0" number="2594"/>
						<line hits="0" number="2595"/>
						<line hits="0" number="2596"/>
						<line hits="0" number="2597"/>
						<line hits="0" number="2598"/>
						<line hits="1" number="2599"/>
						<line hits="1" number="2601"/>
						<line hits="1" number="2603"/>
						<line hits="1" number="2604"/>
						<line hits="1" number="2605"/>
						<line hits="1" number="2607"/>
						<line hits="1" number="2609"/>
						<line hits="1" number="2610"/>
						<line hits="1" number="2611"/>
						<line hits="1" number="2612"/>
						<line hits="1" number="2613"/>
						<line hits="1" number="2615"/>
						<line hits="1" number="2617"/>
						<line hits="0" number="2618"/>
						<line hits="0" number="2619"/>
						<line hits="0" number="2620"/>
						<line hits="1" number="2621"/>
						<line hits="1" number="2623"/>
						<line hits="0" number="2626"/>
						<line hits="0" number="2627"/>
						<line hits="0" number="2628"/>
						<line hits="0" number="2629"/>
						<line hits="0" number="2630"/>
						<line hits="0" number="2631"/>
						<line hits="0" number="2632"/>
						<line hits="0" number="2633"/>
						<line hits="0" number="2634"/>
						<line hits="0" number="2636"/>
						<line hits="0" number="2637"/>
						<line hits="0" number="2638"/>
						<line hits="0" number="2639"/>
						<line hits="0" number="2640"/>
						<line hits="0" number="2641"/>
						<line hits="0" number="2642"/>
						<line hits="0" number="2643"/>
						<line hits="0" number="2645"/>
						<line hits="1" number="2647"/>
						<line hits="1" number="2649"/>
						<line hits="1" number="2650"/>
						<line hits="1" number="2651"/>
						<line hits="1" number="2653"/>
						<line hits="1" number="2654"/>
						<line hits="1" number="2656"/>
						<line hits="1" number="2657"/>
						<line hits="1" number="2658"/>
						<line hits="1" number="2659"/>
						<line hits="1" number="2660"/>
						<line hits="1" number="2661"/>
						<line hits="1" number="2663"/>
						<line hits="1" number="2665"/>
						<line hits="1" number="2666"/>
						<line hits="1" number="2667"/>
						<line hits="1" number="2668"/>
						<line hits="1" number="2669"/>
						<line hits="1" number="2670"/>
						<line hits="1" number="2671"/>
						<line hits="1" number="2672"/>
						<line hits="1" number="2673"/>
						<line hits="1" number="2675"/>
						<line hits="1" number="2676"/>
						<line hits="0" number="2677"/>
						<line hits="0" number="2678"/>
						<line hits="1" number="2680"/>
						<line hits="1" number="2681"/>
						<line hits="1" number="2682"/>
						<line hits="0" number="2683"/>
						<line hits="0" number="2684"/>
						<line hits="0" number="2686"/>
						<line hits="1" number="2688"/>
						<line hits="1" number="2689"/>
						<line hits="1" number="2690"/>
						<line hits="1" number="2692"/>
						<line hits="1" number="2693"/>
						<line hits="1" number="2695"/>
						<line hits="1" number="2697"/>
						<line hits="1" number="2701"/>
						<line hits="1" number="2702"/>
						<line hits="1" number="2703"/>
						<line hits="1" number="2705"/>
						<line hits="1" number="2707"/>
						<line hits="1" number="2709"/>
						<line hits="1" number="2710"/>
						<line hits="1" number="2712"/>
						<line hits="1" number="2713"/>
						<line hits="1" number="2714"/>
						<line hits="1" number="2717"/>
						<line hits="1" number="2718"/>
						<line hits="1" number="2721"/>
						<line hits="1" number="2722"/>
						<line hits="1" number="2725"/>
						<line hits="1" number="2726"/>
						<line hits="1" number="2729"/>
						<line hits="0" number="2730"/>
						<line hits="1" number="2733"/>
						<line hits="1" number="2734"/>
						<line hits="1" number="2737"/>
						<line hits="1" number="2740"/>
						<line hits="1" number="2743"/>
						<line hits="1" number="2746"/>
						<line hits="1" number="2747"/>
						<line hits="1" number="2748"/>
						<line hits="1" number="2749"/>
						<line hits="1" number="2751"/>
						<line hits="1" number="2753"/>
						<line hits="1" number="2754"/>
						<line hits="0" number="2755"/>
						<line hits="0" number="2756"/>
						<line hits="1" number="2757"/>
						<line hits="0" number="2758"/>
						<line hits="0" number="2759"/>
						<line hits="0" number="2760"/>
						<line hits="0" number="2761"/>
						<line hits="0" number="2762"/>
						<line hits="1" number="2763"/>
						<line hits="1" number="2764"/>
						<line hits="1" number="2765"/>
						<line hits="1" number="2766"/>
						<line hits="1" number="2767"/>
						<line hits="0" number="2768"/>
						<line hits="0" number="2769"/>
						<line hits="1" number="2770"/>
						<line hits="1" number="2772"/>
						<line hits="1" number="2774"/>
						<line hits="1" number="2775"/>
						<line hits="1" number="2776"/>
						<line hits="1" number="2777"/>
						<line hits="0" number="2779"/>
						<line hits="0" number="2780"/>
						<line hits="1" number="2781"/>
						<line hits="1" number="2782"/>
						<line hits="1" number="2783"/>
						<line hits="1" number="2785"/>
						<line hits="1" number="2787"/>
						<line hits="1" number="2788"/>
						<line hits="1" number="2789"/>
						<line hits="1" number="2790"/>
						<line hits="1" number="2792"/>
						<line hits="0" number="2793"/>
						<line hits="1" number="2795"/>
						<line hits="1" number="2796"/>
						<line hits="0" number="2797"/>
						<line hits="1" number="2799"/>
						<line hits="1" number="2800"/>
						<line hits="0" number="2801"/>
						<line hits="1" number="2802"/>
						<line hits="0" number="2803"/>
						<line hits="1" number="2804"/>
						<line hits="1" number="2806"/>
						<line hits="1" number="2807"/>
						<line hits="1" number="2808"/>
						<line hits="0" number="2809"/>
						<line hits="1" number="2810"/>
						<line hits="0" number="2811"/>
						<line hits="0" number="2812"/>
						<line hits="1" number="2814"/>
						<line hits="1" number="2815"/>
						<line hits="0" number="2816"/>
						<line hits="0" number="2817"/>
						<line hits="0" number="2818"/>
						<line hits="1" number="2819"/>
						<line hits="1" number="2821"/>
						<line hits="1" number="2825"/>
						<line hits="1" number="2826"/>
						<line hits="1" number="2827"/>
						<line hits="0" number="2828"/>
						<line hits="0" number="2829"/>
						<line hits="0" number="2831"/>
						<line hits="0" number="2832"/>
						<line hits="0" number="2833"/>
						<line hits="0" number="2837"/>
						<line hits="0" number="2840"/>
						<line hits="1" number="2842"/>
						<line hits="0" number="2858"/>
						<line hits="0" number="2859"/>
						<line hits="0" number="2860"/>
						<line hits="0" number="2861"/>
						<line hits="0" number="2862"/>
						<line hits="0" number="2863"/>
						<line hits="0" number="2865"/>
						<line hits="0" number="2866"/>
						<line hits="0" number="2867"/>
						<line hits="0" number="2868"/>
						<line hits="0" number="2869"/>
						<line hits="0" number="2870"/>
						<line hits="0" number="2871"/>
						<line hits="0" number="2872"/>
						<line hits="0" number="2873"/>
						<line hits="0" number="2874"/>
						<line hits="0" number="2876"/>
						<line hits="0" number="2877"/>
						<line hits="0" number="2878"/>
						<line hits="0" number="2879"/>
						<line hits="0" number="2880"/>
						<line hits="0" number="2881"/>
						<line hits="0" number="2882"/>
						<line hits="0" number="2883"/>
						<line hits="1" number="2885"/>
						<line hits="1" number="2889"/>
						<line hits="1" number="2890"/>
						<line hits="1" number="2891"/>
						<line hits="1" number="2892"/>
						<line hits="0" number="2893"/>
						<line hits="1" number="2894"/>
						<line hits="1" number="2896"/>
						<line hits="1" number="2897"/>
						<line hits="1" number="2898"/>
						<line hits="0" number="2899"/>
						<line hits="0" number="2900"/>
						<line hits="0" number="2901"/>
						<line hits="0" number="2902"/>
						<line hits="0" number="2903"/>
						<line hits="0" number="2904"/>
						<line hits="0" number="2905"/>
						<line hits="0" number="2906"/>
						<line hits="0" number="2907"/>
						<line hits="0" number="2908"/>
						<line hits="0" number="2910"/>
						<line hits="0" number="2911"/>
						<line hits="0" number="2912"/>
						<line hits="0" number="2913"/>
						<line hits="0" number="2914"/>
						<line hits="0" number="2915"/>
						<line hits="0" number="2916"/>
						<line hits="0" number="2917"/>
						<line hits="1" number="2919"/>
						<line hits="0" number="2923"/>
						<line hits="0" number="2924"/>
						<line hits="0" number="2925"/>
						<line hits="0" number="2926"/>
						<line hits="0" number="2927"/>
						<line hits="0" number="2928"/>
						<line hits="0" number="2929"/>
						<line hits="0" number="2930"/>
						<line hits="0" number="2931"/>
						<line hits="0" number="2932"/>
						<line hits="0" number="2933"/>
						<line hits="0" number="2934"/>
						<line hits="0" number="2935"/>
						<line hits="0" number="2936"/>
						<line hits="1" number="2938"/>
						<line hits="1" number="2944"/>
						<line hits="0" number="2945"/>
						<line hits="0" number="2946"/>
						<line hits="0" number="2947"/>
						<line hits="0" number="2949"/>
						<line hits="0" number="2950"/>
						<line hits="0" number="2951"/>
						<line hits="0" number="2952"/>
						<line hits="0" number="2953"/>
						<line hits="0" number="2954"/>
						<line hits="0" number="2956"/>
						<line hits="0" number="2957"/>
						<line hits="0" number="2958"/>
						<line hits="0" number="2959"/>
						<line hits="0" number="2960"/>
						<line hits="0" number="2962"/>
						<line hits="0" number="2963"/>
						<line hits="0" number="2964"/>
						<line hits="0" number="2968"/>
						<line hits="0" number="2969"/>
						<line hits="0" number="2970"/>
						<line hits="0" number="2971"/>
						<line hits="0" number="2972"/>
						<line hits="0" number="2974"/>
						<line hits="0" number="2975"/>
						<line hits="0" number="2976"/>
						<line hits="0" number="2978"/>
						<line hits="1" number="2980"/>
						<line hits="1" number="2982"/>
						<line hits="1" number="2991"/>
						<line hits="1" number="2993"/>
						<line hits="1" number="2994"/>
						<line hits="1" number="2995"/>
						<line hits="0" number="2996"/>
						<line hits="0" number="2997"/>
						<line hits="1" number="2998"/>
						<line hits="1" number="2999"/>
						<line hits="1" number="3000"/>
						<line hits="1" number="3002"/>
						<line hits="0" number="3006"/>
						<line hits="0" number="3007"/>
						<line hits="0" number="3008"/>
						<line hits="0" number="3009"/>
						<line hits="0" number="3010"/>
						<line hits="0" number="3011"/>
						<line hits="0" number="3012"/>
						<line hits="0" number="3013"/>
						<line hits="0" number="3014"/>
						<line hits="0" number="3015"/>
						<line hits="0" number="3016"/>
						<line hits="0" number="3018"/>
						<line hits="0" number="3019"/>
						<line hits="1" number="3021"/>
						<line hits="0" number="3023"/>
						<line hits="0" number="3024"/>
						<line hits="0" number="3025"/>
						<line hits="0" number="3026"/>
						<line hits="0" number="3027"/>
						<line hits="1" number="3029"/>
						<line hits="1" number="3031"/>
						<line hits="1" number="3032"/>
						<line hits="1" number="3033"/>
						<line hits="1" number="3034"/>
						<line hits="1" number="3035"/>
						<line hits="1" number="3037"/>
						<line hits="0" number="3038"/>
						<line hits="1" number="3040"/>
						<line hits="1" number="3042"/>
						<line hits="1" number="3043"/>
						<line hits="1" number="3044"/>
						<line hits="1" number="3045"/>
						<line hits="1" number="3046"/>
[...]
						<line hits="0" number="7514"/>
						<line hits="0" number="7515"/>
						<line hits="1" number="7517"/>
						<line hits="1" number="7532"/>
						<line hits="1" number="7533"/>
						<line hits="1" number="7534"/>
						<line hits="1" number="7535"/>
						<line hits="1" number="7536"/>
						<line hits="1" number="7537"/>
						<line hits="1" number="7538"/>
						<line hits="1" number="7539"/>
						<line hits="1" number="7540"/>
						<line hits="1" number="7541"/>
						<line hits="1" number="7542"/>
						<line hits="1" number="7544"/>
						<line hits="1" number="7545"/>
						<line hits="1" number="7547"/>
						<line hits="1" number="7549"/>
						<line hits="1" number="7550"/>
						<line hits="1" number="7551"/>
						<line hits="1" number="7552"/>
						<line hits="1" number="7553"/>
						<line hits="1" number="7554"/>
						<line hits="1" number="7556"/>
						<line hits="1" number="7558"/>
						<line hits="1" number="7564"/>
						<line hits="1" number="7565"/>
						<line hits="1" number="7566"/>
						<line hits="1" number="7567"/>
						<line hits="1" number="7568"/>
						<line hits="1" number="7569"/>
						<line hits="1" number="7570"/>
						<line hits="1" number="7571"/>
						<line hits="0" number="7573"/>
						<line hits="0" number="7575"/>
						<line hits="1" number="7576"/>
						<line hits="1" number="7577"/>
						<line hits="1" number="7579"/>
						<line hits="0" number="7581"/>
						<line hits="0" number="7582"/>
						<line hits="0" number="7676"/>
						<line hits="0" number="7677"/>
						<line hits="0" number="7678"/>
						<line hits="0" number="7679"/>
						<line hits="0" number="7681"/>
						<line hits="0" number="7682"/>
						<line hits="0" number="7683"/>
						<line hits="0" number="7684"/>
						<line hits="0" number="7685"/>
						<line hits="0" number="7686"/>
						<line hits="0" number="7687"/>
						<line hits="0" number="7688"/>
						<line hits="1" number="7690"/>
						<line hits="1" number="7728"/>
						<line hits="1" number="7729"/>
						<line hits="1" number="7730"/>
						<line hits="1" number="7731"/>
						<line hits="1" number="7732"/>
						<line hits="1" number="7734"/>
						<line hits="1" number="7735"/>
						<line hits="0" number="7736"/>
						<line hits="0" number="7737"/>
						<line hits="0" number="7738"/>
						<line hits="0" number="7739"/>
						<line hits="0" number="7740"/>
						<line hits="0" number="7742"/>
						<line hits="0" number="7743"/>
						<line hits="0" number="7744"/>
						<line hits="0" number="7745"/>
						<line hits="0" number="7747"/>
						<line hits="0" number="7748"/>
						<line hits="0" number="7749"/>
						<line hits="0" number="7750"/>
						<line hits="0" number="7751"/>
						<line hits="0" number="7752"/>
						<line hits="0" number="7753"/>
						<line hits="0" number="7754"/>
						<line hits="0" number="7755"/>
						<line hits="0" number="7756"/>
						<line hits="0" number="7757"/>
						<line hits="0" number="7758"/>
						<line hits="0" number="7759"/>
						<line hits="0" number="7760"/>
						<line hits="0" number="7761"/>
						<line hits="0" number="7762"/>
						<line hits="0" number="7763"/>
						<line hits="0" number="7764"/>
						<line hits="0" number="7765"/>
						<line hits="0" number="7766"/>
						<line hits="0" number="7767"/>
						<line hits="1" number="7769"/>
						<line hits="1" number="7775"/>
						<line hits="1" number="7776"/>
						<line hits="1" number="7777"/>
						<line hits="1" number="7778"/>
						<line hits="1" number="7779"/>
						<line hits="1" number="7780"/>
						<line hits="1" number="7781"/>
						<line hits="1" number="7782"/>
						<line hits="1" number="7783"/>
						<line hits="1" number="7785"/>
						<line hits="1" number="7786"/>
						<line hits="1" number="7787"/>
						<line hits="1" number="7788"/>
						<line hits="1" number="7789"/>
						<line hits="1" number="7790"/>
						<line hits="0" number="7791"/>
						<line hits="0" number="7792"/>
						<line hits="0" number="7793"/>
						<line hits="0" number="7794"/>
						<line hits="0" number="7795"/>
						<line hits="1" number="7798"/>
						<line hits="1" number="7800"/>
						<line hits="1" number="7806"/>
						<line hits="1" number="7807"/>
						<line hits="1" number="7808"/>
						<line hits="1" number="7809"/>
						<line hits="1" number="7810"/>
						<line hits="1" number="7811"/>
						<line hits="1" number="7812"/>
						<line hits="0" number="7813"/>
						<line hits="0" number="7814"/>
						<line hits="1" number="7815"/>
						<line hits="0" number="7816"/>
						<line hits="0" number="7817"/>
						<line hits="1" number="7818"/>
						<line hits="1" number="7819"/>
						<line hits="1" number="7820"/>
						<line hits="1" number="7821"/>
						<line hits="1" number="7822"/>
						<line hits="1" number="7823"/>
						<line hits="1" number="7824"/>
						<line hits="1" number="7825"/>
						<line hits="1" number="7827"/>
						<line hits="1" number="7829"/>
						<line hits="1" number="7831"/>
						<line hits="1" number="7833"/>
						<line hits="1" number="7834"/>
						<line hits="1" number="7836"/>
						<line hits="1" number="7842"/>
						<line hits="1" number="7843"/>
						<line hits="1" number="7844"/>
						<line hits="1" number="7845"/>
						<line hits="1" number="7846"/>
						<line hits="1" number="7847"/>
						<line hits="1" number="7848"/>
						<line hits="1" number="7849"/>
						<line hits="1" number="7850"/>
						<line hits="0" number="7851"/>
						<line hits="0" number="7852"/>
						<line hits="0" number="7853"/>
						<line hits="0" number="7854"/>
						<line hits="0" number="7855"/>
						<line hits="0" number="7857"/>
						<line hits="0" number="7858"/>
						<line hits="0" number="7859"/>
						<line hits="0" number="7860"/>
						<line hits="0" number="7861"/>
						<line hits="0" number="7863"/>
						<line hits="0" number="7864"/>
						<line hits="0" number="7865"/>
						<line hits="1" number="7866"/>
						<line hits="1" number="7868"/>
						<line hits="1" number="7874"/>
						<line hits="1" number="7875"/>
						<line hits="1" number="7876"/>
						<line hits="1" number="7877"/>
						<line hits="1" number="7878"/>
						<line hits="1" number="7879"/>
						<line hits="1" number="7880"/>
						<line hits="1" number="7882"/>
						<line hits="1" number="7883"/>
						<line hits="1" number="7884"/>
						<line hits="1" number="7885"/>
						<line hits="1" number="7886"/>
						<line hits="0" number="7887"/>
						<line hits="0" number="7888"/>
						<line hits="1" number="7889"/>
						<line hits="1" number="7891"/>
						<line hits="1" number="7896"/>
						<line hits="1" number="7897"/>
						<line hits="1" number="7898"/>
						<line hits="1" number="7899"/>
						<line hits="1" number="7900"/>
						<line hits="1" number="7901"/>
						<line hits="1" number="7902"/>
						<line hits="1" number="7903"/>
						<line hits="1" number="7905"/>
						<line hits="1" number="7906"/>
						<line hits="1" number="7907"/>
						<line hits="1" number="7908"/>
						<line hits="1" number="7909"/>
						<line hits="1" number="7910"/>
						<line hits="1" number="7912"/>
						<line hits="1" number="7917"/>
						<line hits="1" number="7918"/>
						<line hits="1" number="7919"/>
						<line hits="1" number="7920"/>
						<line hits="1" number="7921"/>
						<line hits="1" number="7922"/>
						<line hits="1" number="7923"/>
						<line hits="1" number="7924"/>
						<line hits="1" number="7926"/>
						<line hits="1" number="7927"/>
						<line hits="1" number="7928"/>
						<line hits="1" number="7929"/>
						<line hits="0" number="7930"/>
						<line hits="0" number="7931"/>
						<line hits="1" number="7933"/>
						<line hits="1" number="7938"/>
						<line hits="1" number="7939"/>
						<line hits="1" number="7940"/>
						<line hits="1" number="7941"/>
						<line hits="1" number="7942"/>
						<line hits="1" number="7943"/>
						<line hits="1" number="7944"/>
						<line hits="1" number="7945"/>
						<line hits="1" number="7946"/>
						<line hits="1" number="7947"/>
						<line hits="1" number="7948"/>
						<line hits="1" number="7950"/>
						<line hits="0" number="7955"/>
						<line hits="0" number="7956"/>
						<line hits="0" number="7957"/>
						<line hits="0" number="7958"/>
						<line hits="0" number="7959"/>
						<line hits="0" number="7960"/>
						<line hits="0" number="7961"/>
						<line hits="0" number="7962"/>
						<line hits="0" number="7963"/>
						<line hits="0" number="7964"/>
						<line hits="0" number="7965"/>
						<line hits="0" number="7966"/>
						<line hits="0" number="7967"/>
						<line hits="0" number="7968"/>
						<line hits="0" number="7969"/>
						<line hits="0" number="7970"/>
						<line hits="0" number="7971"/>
						<line hits="0" number="7972"/>
						<line hits="0" number="7973"/>
						<line hits="1" number="7975"/>
						<line hits="1" number="7980"/>
						<line hits="1" number="7981"/>
						<line hits="1" number="7982"/>
						<line hits="1" number="7983"/>
						<line hits="0" number="7984"/>
						<line hits="0" number="7985"/>
						<line hits="1" number="7986"/>
						<line hits="1" number="7987"/>
						<line hits="1" number="7988"/>
						<line hits="1" number="7989"/>
						<line hits="1" number="7991"/>
						<line hits="1" number="7997"/>
						<line hits="1" number="7998"/>
						<line hits="1" number="7999"/>
						<line hits="1" number="8000"/>
						<line hits="1" number="8001"/>
						<line hits="1" number="8002"/>
						<line hits="1" number="8003"/>
						<line hits="0" number="8006"/>
						<line hits="0" number="8007"/>
						<line hits="0" number="8008"/>
						<line hits="0" number="8010"/>
						<line hits="1" number="8011"/>
						<line hits="1" number="8012"/>
						<line hits="1" number="8013"/>
						<line hits="1" number="8014"/>
						<line hits="1" number="8015"/>
						<line hits="1" number="8016"/>
						<line hits="1" number="8017"/>
						<line hits="0" number="8019"/>
						<line hits="0" number="8020"/>
						<line hits="1" number="8021"/>
						<line hits="1" number="8022"/>
						<line hits="1" number="8024"/>
						<line hits="1" number="8029"/>
						<line hits="1" number="8030"/>
						<line hits="1" number="8031"/>
						<line hits="1" number="8033"/>
						<line hits="1" number="8034"/>
						<line hits="1" number="8035"/>
						<line hits="1" number="8036"/>
						<line hits="1" number="8037"/>
						<line hits="1" number="8038"/>
						<line hits="1" number="8039"/>
						<line hits="0" number="8040"/>
						<line hits="0" number="8041"/>
						<line hits="1" number="8043"/>
						<line hits="1" number="8071"/>
						<line hits="1" number="8072"/>
						<line hits="1" number="8073"/>
						<line hits="1" number="8074"/>
						<line hits="1" number="8075"/>
						<line hits="0" number="8076"/>
						<line hits="0" number="8077"/>
						<line hits="0" number="8078"/>
						<line hits="0" number="8079"/>
						<line hits="0" number="8080"/>
						<line hits="0" number="8081"/>
						<line hits="0" number="8082"/>
						<line hits="0" number="8083"/>
						<line hits="0" number="8084"/>
						<line hits="0" number="8085"/>
						<line hits="0" number="8086"/>
						<line hits="0" number="8087"/>
						<line hits="0" number="8088"/>
						<line hits="0" number="8089"/>
						<line hits="0" number="8090"/>
						<line hits="0" number="8092"/>
						<line hits="0" number="8093"/>
						<line hits="0" number="8094"/>
						<line hits="0" number="8095"/>
						<line hits="0" number="8096"/>
						<line hits="0" number="8097"/>
						<line hits="0" number="8098"/>
						<line hits="0" number="8099"/>
						<line hits="0" number="8100"/>
						<line hits="0" number="8101"/>
						<line hits="0" number="8102"/>
						<line hits="1" number="8104"/>
						<line hits="1" number="8111"/>
						<line hits="1" number="8112"/>
						<line hits="1" number="8113"/>
						<line hits="1" number="8114"/>
						<line hits="1" number="8115"/>
						<line hits="0" number="8117"/>
						<line hits="0" number="8118"/>
						<line hits="0" number="8119"/>
						<line hits="0" number="8120"/>
						<line hits="0" number="8121"/>
						<line hits="0" number="8122"/>
						<line hits="1" number="8124"/>
						<line hits="1" number="8230"/>
						<line hits="1" number="8231"/>
						<line hits="1" number="8232"/>
						<line hits="1" number="8233"/>
						<line hits="1" number="8234"/>
						<line hits="0" number="8235"/>
						<line hits="0" number="8236"/>
						<line hits="0" number="8237"/>
						<line hits="1" number="8238"/>
						<line hits="1" number="8239"/>
						<line hits="1" number="8240"/>
						<line hits="1" number="8241"/>
						<line hits="1" number="8243"/>
						<line hits="1" number="8247"/>
						<line hits="1" number="8248"/>
						<line hits="0" number="8249"/>
						<line hits="0" number="8250"/>
						<line hits="0" number="8251"/>
						<line hits="0" number="8252"/>
						<line hits="0" number="8253"/>
						<line hits="0" number="8254"/>
						<line hits="0" number="8255"/>
						<line hits="1" number="8258"/>
						<line hits="1" number="8266"/>
						<line hits="1" number="8268"/>
						<line hits="1" number="8269"/>
						<line hits="1" number="8270"/>
						<line hits="1" number="8271"/>
						<line hits="1" number="8272"/>
						<line hits="1" number="8273"/>
						<line hits="1" number="8274"/>
						<line hits="1" number="8275"/>
						<line hits="1" number="8276"/>
						<line hits="1" number="8277"/>
						<line hits="1" number="8278"/>
						<line hits="1" number="8280"/>
						<line hits="1" number="8285"/>
						<line hits="1" number="8286"/>
						<line hits="1" number="8287"/>
						<line hits="0" number="8288"/>
						<line hits="1" number="8289"/>
						<line hits="1" number="8290"/>
						<line hits="1" number="8291"/>
						<line hits="1" number="8292"/>
						<line hits="0" number="8294"/>
						<line hits="1" number="8295"/>
						<line hits="1" number="8296"/>
						<line hits="1" number="8297"/>
						<line hits="1" number="8299"/>
						<line hits="1" number="8302"/>
						<line hits="1" number="8303"/>
						<line hits="0" number="8304"/>
						<line hits="0" number="8306"/>
						<line hits="1" number="8307"/>
						<line hits="1" number="8308"/>
						<line hits="1" number="8310"/>
						<line hits="1" number="8311"/>
						<line hits="1" number="8313"/>
						<line hits="1" number="8317"/>
						<line hits="0" number="8318"/>
						<line hits="1" number="8319"/>
						<line hits="1" number="8320"/>
						<line hits="0" number="8321"/>
						<line hits="1" number="8325"/>
						<line hits="0" number="8326"/>
						<line hits="1" number="8330"/>
						<line hits="1" number="8332"/>
						<line hits="1" number="8335"/>
						<line hits="1" number="8336"/>
						<line hits="1" number="8337"/>
						<line hits="0" number="8338"/>
						<line hits="0" number="8339"/>
						<line hits="0" number="8340"/>
						<line hits="0" number="8341"/>
						<line hits="0" number="8342"/>
						<line hits="0" number="8343"/>
						<line hits="0" number="8344"/>
						<line hits="0" number="8345"/>
						<line hits="0" number="8346"/>
						<line hits="0" number="8348"/>
						<line hits="0" number="8350"/>
						<line hits="0" number="8351"/>
						<line hits="0" number="8352"/>
						<line hits="1" number="8354"/>
						<line hits="0" number="8359"/>
						<line hits="0" number="8360"/>
						<line hits="0" number="8361"/>
						<line hits="0" number="8362"/>
						<line hits="0" number="8363"/>
						<line hits="0" number="8364"/>
						<line hits="0" number="8367"/>
						<line hits="0" number="8368"/>
						<line hits="0" number="8369"/>
						<line hits="0" number="8370"/>
						<line hits="0" number="8371"/>
						<line hits="0" number="8373"/>
						<line hits="0" number="8374"/>
						<line hits="0" number="8376"/>
						<line hits="0" number="8377"/>
						<line hits="0" number="8378"/>
						<line hits="0" number="8379"/>
						<line hits="0" number="8380"/>
						<line hits="0" number="8381"/>
						<line hits="0" number="8382"/>
						<line hits="0" number="8383"/>
						<line hits="0" number="8384"/>
						<line hits="0" number="8386"/>
						<line hits="0" number="8387"/>
						<line hits="0" number="8388"/>
						<line hits="0" number="8390"/>
						<line hits="0" number="8391"/>
						<line hits="0" number="8392"/>
						<line hits="0" number="8393"/>
						<line hits="1" number="8395"/>
						<line hits="0" number="8401"/>
						<line hits="0" number="8402"/>
						<line hits="0" number="8403"/>
						<line hits="0" number="8404"/>
						<line hits="0" number="8405"/>
						<line hits="0" number="8406"/>
						<line hits="0" number="8407"/>
						<line hits="0" number="8408"/>
						<line hits="0" number="8410"/>
						<line hits="0" number="8411"/>
						<line hits="0" number="8412"/>
						<line hits="0" number="8413"/>
						<line hits="0" number="8414"/>
						<line hits="0" number="8415"/>
						<line hits="0" number="8416"/>
						<line hits="0" number="8417"/>
						<line hits="0" number="8418"/>
						<line hits="0" number="8419"/>
						<line hits="0" number="8420"/>
						<line hits="0" number="8421"/>
						<line hits="0" number="8422"/>
						<line hits="0" number="8423"/>
						<line hits="0" number="8424"/>
						<line hits="0" number="8425"/>
						<line hits="0" number="8426"/>
						<line hits="1" number="8429"/>
						<line hits="1" number="8432"/>
						<line hits="1" number="8433"/>
						<line hits="1" number="8434"/>
						<line hits="1" number="8435"/>
						<line hits="0" number="8438"/>
						<line hits="0" number="8439"/>
						<line hits="1" number="8440"/>
						<line hits="0" number="8442"/>
						<line hits="0" number="8443"/>
						<line hits="1" number="8444"/>
						<line hits="1" number="8445"/>
						<line hits="1" number="8447"/>
						<line hits="1" number="8448"/>
						<line hits="1" number="8450"/>
						<line hits="1" number="8451"/>
						<line hits="1" number="8452"/>
						<line hits="1" number="8453"/>
						<line hits="1" number="8454"/>
						<line hits="1" number="8455"/>
						<line hits="1" number="8456"/>
						<line hits="0" number="8457"/>
						<line hits="0" number="8459"/>
						<line hits="1" number="8460"/>
						<line hits="1" number="8461"/>
						<line hits="1" number="8463"/>
						<line hits="1" number="8464"/>
						<line hits="1" number="8465"/>
						<line hits="0" number="8466"/>
						<line hits="0" number="8467"/>
						<line hits="1" number="8468"/>
						<line hits="1" number="8470"/>
						<line hits="1" number="8472"/>
						<line hits="1" number="8488"/>
						<line hits="1" number="8490"/>
						<line hits="1" number="8491"/>
						<line hits="0" number="8493"/>
						<line hits="0" number="8494"/>
						<line hits="0" number="8495"/>
						<line hits="0" number="8496"/>
						<line hits="0" number="8497"/>
						<line hits="0" number="8498"/>
						<line hits="0" number="8499"/>
						<line hits="0" number="8500"/>
						<line hits="0" number="8501"/>
						<line hits="0" number="8502"/>
						<line hits="0" number="8504"/>
						<line hits="0" number="8505"/>
						<line hits="0" number="8506"/>
						<line hits="0" number="8507"/>
						<line hits="0" number="8508"/>
						<line hits="0" number="8510"/>
						<line hits="0" number="8511"/>
						<line hits="0" number="8512"/>
						<line hits="1" number="8514"/>
						<line hits="1" number="8516"/>
						<line hits="1" number="8517"/>
						<line hits="1" number="8518"/>
						<line hits="1" number="8519"/>
						<line hits="1" number="8520"/>
						<line hits="0" number="8521"/>
						<line hits="0" number="8522"/>
						<line hits="0" number="8523"/>
						<line hits="1" number="8525"/>
						<line hits="1" number="8526"/>
						<line hits="1" number="8528"/>
						<line hits="0" number="8529"/>
					</lines>
				</class>
			</classes>
		</package>
	</packages>
</coverage>
